0 verbose cli /usr/local/bin/node /usr/local/bin/npm
1 info using npm@11.6.2
2 info using node@v24.12.0
3 silly config load:file:/usr/local/lib/node_modules/npm/npmrc
4 silly config load:file:/Users/artosetrov/Documents/Cursor AI/maporia/.npmrc
5 silly config load:file:/Users/artosetrov/.npmrc
6 silly config load:file:/usr/local/etc/npmrc
7 verbose title npm install @fontsource/inter @fontsource/fraunces @fontsource/manrope
8 verbose argv "install" "@fontsource/inter" "@fontsource/fraunces" "@fontsource/manrope" "--cache" ".npm-cache"
9 verbose logfile logs-max:10 dir:/Users/artosetrov/Documents/Cursor AI/maporia/.npm-cache/_logs/2026-01-23T08_08_12_663Z-
10 verbose logfile /Users/artosetrov/Documents/Cursor AI/maporia/.npm-cache/_logs/2026-01-23T08_08_12_663Z-debug-0.log
11 silly logfile done cleaning log files
12 silly packumentCache heap:4496293888 maxSize:1124073472 maxEntrySize:562036736
13 verbose shrinkwrap failed to load node_modules/.package-lock.json out of date, updated: node_modules
14 silly idealTree buildDeps
15 silly fetch manifest @fontsource/inter@*
16 silly packumentCache full:https://registry.npmjs.org/@fontsource%2finter cache-miss
17 http fetch GET 200 https://registry.npmjs.org/@fontsource%2finter 143ms (cache miss)
18 silly packumentCache full:https://registry.npmjs.org/@fontsource%2finter set size:undefined disposed:false
19 silly fetch manifest @fontsource/fraunces@*
20 silly packumentCache full:https://registry.npmjs.org/@fontsource%2ffraunces cache-miss
21 http fetch GET 200 https://registry.npmjs.org/@fontsource%2ffraunces 38ms (cache miss)
22 silly packumentCache full:https://registry.npmjs.org/@fontsource%2ffraunces set size:undefined disposed:false
23 silly fetch manifest @fontsource/manrope@*
24 silly packumentCache full:https://registry.npmjs.org/@fontsource%2fmanrope cache-miss
25 http fetch GET 200 https://registry.npmjs.org/@fontsource%2fmanrope 37ms (cache miss)
26 silly packumentCache full:https://registry.npmjs.org/@fontsource%2fmanrope set size:undefined disposed:false
27 silly placeDep ROOT @fontsource/fraunces@5.2.9 OK for: maporia@0.1.0 want: *
28 silly placeDep ROOT @fontsource/inter@5.2.8 OK for: maporia@0.1.0 want: *
29 silly placeDep ROOT @fontsource/manrope@5.2.8 OK for: maporia@0.1.0 want: *
30 silly reify mark retired [ '/Users/artosetrov/Documents/Cursor AI/maporia/node_modules/ajv 2' ]
31 silly reify mark retired [
31 silly reify   '/Users/artosetrov/Documents/Cursor AI/maporia/node_modules/array-includes 2'
31 silly reify ]
32 silly reify mark retired [
32 silly reify   '/Users/artosetrov/Documents/Cursor AI/maporia/node_modules/ast-types-flow 2'
32 silly reify ]
33 silly reify mark retired [
33 silly reify   '/Users/artosetrov/Documents/Cursor AI/maporia/node_modules/available-typed-arrays 2'
33 silly reify ]
34 silly reify mark retired [
34 silly reify   '/Users/artosetrov/Documents/Cursor AI/maporia/node_modules/es-object-atoms 2'
34 silly reify ]
35 silly reify mark retired [
35 silly reify   '/Users/artosetrov/Documents/Cursor AI/maporia/node_modules/get-symbol-description 2'
35 silly reify ]
36 silly reify mark retired [
36 silly reify   '/Users/artosetrov/Documents/Cursor AI/maporia/node_modules/globalthis 2'
36 silly reify ]
37 silly reify mark retired [ '/Users/artosetrov/Documents/Cursor AI/maporia/node_modules/gopd 2' ]
38 silly reify mark retired [
38 silly reify   '/Users/artosetrov/Documents/Cursor AI/maporia/node_modules/is-bun-module 2'
38 silly reify ]
39 silly reify mark retired [
39 silly reify   '/Users/artosetrov/Documents/Cursor AI/maporia/node_modules/json-buffer 2'
39 silly reify ]
40 silly reify mark retired [
40 silly reify   '/Users/artosetrov/Documents/Cursor AI/maporia/node_modules/minimatch 2'
40 silly reify ]
41 silly reify mark retired [
41 silly reify   '/Users/artosetrov/Documents/Cursor AI/maporia/node_modules/object 2.fromentries'
41 silly reify ]
42 silly reify mark retired [
42 silly reify   '/Users/artosetrov/Documents/Cursor AI/maporia/node_modules/object-inspect 2'
42 silly reify ]
43 silly reify mark retired [
43 silly reify   '/Users/artosetrov/Documents/Cursor AI/maporia/node_modules/tapable 2'
43 silly reify ]
44 silly reify mark retired [
44 silly reify   '/Users/artosetrov/Documents/Cursor AI/maporia/node_modules/typed-array-length 2'
44 silly reify ]
45 silly reify mark retired [
45 silly reify   '/Users/artosetrov/Documents/Cursor AI/maporia/node_modules/which 2'
45 silly reify ]
46 silly reify mark retired [
46 silly reify   '/Users/artosetrov/Documents/Cursor AI/maporia/node_modules/zod-validation-error 2'
46 silly reify ]
47 silly reify mark retired [
47 silly reify   '/Users/artosetrov/Documents/Cursor AI/maporia/node_modules/@swc 2/helpers'
47 silly reify ]
48 silly reify mark retired [
48 silly reify   '/Users/artosetrov/Documents/Cursor AI/maporia/node_modules/acorn 2',
48 silly reify   '/Users/artosetrov/Documents/Cursor AI/maporia/node_modules/.bin/acorn'
48 silly reify ]
49 silly reify mark retired [
49 silly reify   '/Users/artosetrov/Documents/Cursor AI/maporia/node_modules/acorn-jsx 2'
49 silly reify ]
50 silly reify mark retired [
50 silly reify   '/Users/artosetrov/Documents/Cursor AI/maporia/node_modules/aria-query 2'
50 silly reify ]
51 silly reify mark retired [
51 silly reify   '/Users/artosetrov/Documents/Cursor AI/maporia/node_modules/ansi-styles 2'
51 silly reify ]
52 silly reify mark retired [
52 silly reify   '/Users/artosetrov/Documents/Cursor AI/maporia/node_modules/array.prototype 2.findlastindex'
52 silly reify ]
53 silly reify mark retired [
53 silly reify   '/Users/artosetrov/Documents/Cursor AI/maporia/node_modules/array.prototype 2.tosorted'
53 silly reify ]
54 silly reify mark retired [
54 silly reify   '/Users/artosetrov/Documents/Cursor AI/maporia/node_modules/array.prototype 2.flat'
54 silly reify ]
55 silly reify mark retired [
55 silly reify   '/Users/artosetrov/Documents/Cursor AI/maporia/node_modules/array.prototype 2.flatmap'
55 silly reify ]
56 silly reify mark retired [
56 silly reify   '/Users/artosetrov/Documents/Cursor AI/maporia/node_modules/balanced-match 2'
56 silly reify ]
57 silly reify mark retired [
57 silly reify   '/Users/artosetrov/Documents/Cursor AI/maporia/node_modules/axe-core 2'
57 silly reify ]
58 silly reify mark retired [
58 silly reify   '/Users/artosetrov/Documents/Cursor AI/maporia/node_modules/baseline-browser-mapping 2',
58 silly reify   '/Users/artosetrov/Documents/Cursor AI/maporia/node_modules/.bin/baseline-browser-mapping'
58 silly reify ]
59 silly reify mark retired [
59 silly reify   '/Users/artosetrov/Documents/Cursor AI/maporia/node_modules/braces 2'
59 silly reify ]
60 silly reify mark retired [
60 silly reify   '/Users/artosetrov/Documents/Cursor AI/maporia/node_modules/browserslist 2',
60 silly reify   '/Users/artosetrov/Documents/Cursor AI/maporia/node_modules/.bin/browserslist'
60 silly reify ]
61 silly reify mark retired [
61 silly reify   '/Users/artosetrov/Documents/Cursor AI/maporia/node_modules/call-bind-apply-helpers 2'
61 silly reify ]
62 silly reify mark retired [
62 silly reify   '/Users/artosetrov/Documents/Cursor AI/maporia/node_modules/chalk 2'
62 silly reify ]
63 silly reify mark retired [
63 silly reify   '/Users/artosetrov/Documents/Cursor AI/maporia/node_modules/color-name 2'
63 silly reify ]
64 silly reify mark retired [
64 silly reify   '/Users/artosetrov/Documents/Cursor AI/maporia/node_modules/csstype 2'
64 silly reify ]
65 silly reify mark retired [
65 silly reify   '/Users/artosetrov/Documents/Cursor AI/maporia/node_modules/cross-spawn 2'
65 silly reify ]
66 silly reify mark retired [
66 silly reify   '/Users/artosetrov/Documents/Cursor AI/maporia/node_modules/data-view-buffer 2'
66 silly reify ]
67 silly reify mark retired [
67 silly reify   '/Users/artosetrov/Documents/Cursor AI/maporia/node_modules/debug 2'
67 silly reify ]
68 silly reify mark retired [
68 silly reify   '/Users/artosetrov/Documents/Cursor AI/maporia/node_modules/convert-source-map 2'
68 silly reify ]
69 silly reify mark retired [
69 silly reify   '/Users/artosetrov/Documents/Cursor AI/maporia/node_modules/data-view-byte-offset 2'
69 silly reify ]
70 silly reify mark retired [
70 silly reify   '/Users/artosetrov/Documents/Cursor AI/maporia/node_modules/damerau-levenshtein 2'
70 silly reify ]
71 silly reify mark retired [
71 silly reify   '/Users/artosetrov/Documents/Cursor AI/maporia/node_modules/define-properties 2'
71 silly reify ]
72 silly reify mark retired [
72 silly reify   '/Users/artosetrov/Documents/Cursor AI/maporia/node_modules/doctrine 2'
72 silly reify ]
73 silly reify mark retired [
73 silly reify   '/Users/artosetrov/Documents/Cursor AI/maporia/node_modules/define-data-property 2'
73 silly reify ]
74 silly reify mark retired [
74 silly reify   '/Users/artosetrov/Documents/Cursor AI/maporia/node_modules/enhanced-resolve 2'
74 silly reify ]
75 silly reify mark retired [
75 silly reify   '/Users/artosetrov/Documents/Cursor AI/maporia/node_modules/emoji-regex 2'
75 silly reify ]
76 silly reify mark retired [
76 silly reify   '/Users/artosetrov/Documents/Cursor AI/maporia/node_modules/es-errors 2'
76 silly reify ]
77 silly reify mark retired [
77 silly reify   '/Users/artosetrov/Documents/Cursor AI/maporia/node_modules/es-set-tostringtag 2'
77 silly reify ]
78 silly reify mark retired [
78 silly reify   '/Users/artosetrov/Documents/Cursor AI/maporia/node_modules/es-shim-unscopables 2'
78 silly reify ]
79 silly reify mark retired [
79 silly reify   '/Users/artosetrov/Documents/Cursor AI/maporia/node_modules/es-to-primitive 2'
79 silly reify ]
80 silly reify mark retired [
80 silly reify   '/Users/artosetrov/Documents/Cursor AI/maporia/node_modules/eslint 2',
80 silly reify   '/Users/artosetrov/Documents/Cursor AI/maporia/node_modules/.bin/eslint'
80 silly reify ]
81 silly reify mark retired [
81 silly reify   '/Users/artosetrov/Documents/Cursor AI/maporia/node_modules/eslint-import-resolver-typescript 2'
81 silly reify ]
82 silly reify mark retired [
82 silly reify   '/Users/artosetrov/Documents/Cursor AI/maporia/node_modules/eslint-plugin-import 2'
82 silly reify ]
83 silly reify mark retired [
83 silly reify   '/Users/artosetrov/Documents/Cursor AI/maporia/node_modules/eslint-plugin-jsx-a11y 2'
83 silly reify ]
84 silly reify mark retired [
84 silly reify   '/Users/artosetrov/Documents/Cursor AI/maporia/node_modules/eslint-plugin-react-hooks 2'
84 silly reify ]
85 silly reify mark retired [
85 silly reify   '/Users/artosetrov/Documents/Cursor AI/maporia/node_modules/eslint-visitor-keys 2'
85 silly reify ]
86 silly reify mark retired [
86 silly reify   '/Users/artosetrov/Documents/Cursor AI/maporia/node_modules/esquery 2'
86 silly reify ]
87 silly reify mark retired [
87 silly reify   '/Users/artosetrov/Documents/Cursor AI/maporia/node_modules/esutils 2'
87 silly reify ]
88 silly reify mark retired [
88 silly reify   '/Users/artosetrov/Documents/Cursor AI/maporia/node_modules/fast-glob 2'
88 silly reify ]
89 silly reify mark retired [
89 silly reify   '/Users/artosetrov/Documents/Cursor AI/maporia/node_modules/fast-json-stable-stringify 2'
89 silly reify ]
90 silly reify mark retired [
90 silly reify   '/Users/artosetrov/Documents/Cursor AI/maporia/node_modules/file-entry-cache 2'
90 silly reify ]
91 silly reify mark retired [
91 silly reify   '/Users/artosetrov/Documents/Cursor AI/maporia/node_modules/find-up 2'
91 silly reify ]
92 silly reify mark retired [
92 silly reify   '/Users/artosetrov/Documents/Cursor AI/maporia/node_modules/fill-range 2'
92 silly reify ]
93 silly reify mark retired [
93 silly reify   '/Users/artosetrov/Documents/Cursor AI/maporia/node_modules/flatted 2'
93 silly reify ]
94 silly reify mark retired [
94 silly reify   '/Users/artosetrov/Documents/Cursor AI/maporia/node_modules/espree 2'
94 silly reify ]
95 silly reify mark retired [
95 silly reify   '/Users/artosetrov/Documents/Cursor AI/maporia/node_modules/function.prototype 2.name'
95 silly reify ]
96 silly reify mark retired [
96 silly reify   '/Users/artosetrov/Documents/Cursor AI/maporia/node_modules/function-bind 2'
96 silly reify ]
97 silly reify mark retired [
97 silly reify   '/Users/artosetrov/Documents/Cursor AI/maporia/node_modules/get-intrinsic 2'
97 silly reify ]
98 silly reify mark retired [
98 silly reify   '/Users/artosetrov/Documents/Cursor AI/maporia/node_modules/get-proto 2'
98 silly reify ]
99 silly reify mark retired [
99 silly reify   '/Users/artosetrov/Documents/Cursor AI/maporia/node_modules/get-tsconfig 2'
99 silly reify ]
100 silly reify mark retired [
100 silly reify   '/Users/artosetrov/Documents/Cursor AI/maporia/node_modules/glob-parent 2'
100 silly reify ]
101 silly reify mark retired [
101 silly reify   '/Users/artosetrov/Documents/Cursor AI/maporia/node_modules/globals 2'
101 silly reify ]
102 silly reify mark retired [
102 silly reify   '/Users/artosetrov/Documents/Cursor AI/maporia/node_modules/graceful-fs 2'
102 silly reify ]
103 silly reify mark retired [
103 silly reify   '/Users/artosetrov/Documents/Cursor AI/maporia/node_modules/has-property-descriptors 2'
103 silly reify ]
104 silly reify mark retired [
104 silly reify   '/Users/artosetrov/Documents/Cursor AI/maporia/node_modules/has-symbols 2'
104 silly reify ]
105 silly reify mark retired [
105 silly reify   '/Users/artosetrov/Documents/Cursor AI/maporia/node_modules/hermes-parser 2'
105 silly reify ]
106 silly reify mark retired [
106 silly reify   '/Users/artosetrov/Documents/Cursor AI/maporia/node_modules/ignore 2'
106 silly reify ]
107 silly reify mark retired [
107 silly reify   '/Users/artosetrov/Documents/Cursor AI/maporia/node_modules/hermes-estree 2'
107 silly reify ]
108 silly reify mark retired [
108 silly reify   '/Users/artosetrov/Documents/Cursor AI/maporia/node_modules/imurmurhash 2'
108 silly reify ]
109 silly reify mark retired [
109 silly reify   '/Users/artosetrov/Documents/Cursor AI/maporia/node_modules/is-array-buffer 2'
109 silly reify ]
110 silly reify mark retired [
110 silly reify   '/Users/artosetrov/Documents/Cursor AI/maporia/node_modules/is-core-module 2'
110 silly reify ]
111 silly reify mark retired [
111 silly reify   '/Users/artosetrov/Documents/Cursor AI/maporia/node_modules/is-data-view 2'
111 silly reify ]
112 silly reify mark retired [
112 silly reify   '/Users/artosetrov/Documents/Cursor AI/maporia/node_modules/is-date-object 2'
112 silly reify ]
113 silly reify mark retired [
113 silly reify   '/Users/artosetrov/Documents/Cursor AI/maporia/node_modules/is-glob 2'
113 silly reify ]
114 silly reify mark retired [
114 silly reify   '/Users/artosetrov/Documents/Cursor AI/maporia/node_modules/is-set 2'
114 silly reify ]
115 silly reify mark retired [
115 silly reify   '/Users/artosetrov/Documents/Cursor AI/maporia/node_modules/is-shared-array-buffer 2'
115 silly reify ]
116 silly reify mark retired [
116 silly reify   '/Users/artosetrov/Documents/Cursor AI/maporia/node_modules/iterator 2.prototype'
116 silly reify ]
117 silly reify mark retired [
117 silly reify   '/Users/artosetrov/Documents/Cursor AI/maporia/node_modules/is-regex 2'
117 silly reify ]
118 silly reify mark retired [
118 silly reify   '/Users/artosetrov/Documents/Cursor AI/maporia/node_modules/jiti 2',
118 silly reify   '/Users/artosetrov/Documents/Cursor AI/maporia/node_modules/.bin/jiti'
118 silly reify ]
119 silly reify mark retired [
119 silly reify   '/Users/artosetrov/Documents/Cursor AI/maporia/node_modules/js-yaml 2',
119 silly reify   '/Users/artosetrov/Documents/Cursor AI/maporia/node_modules/.bin/js-yaml'
119 silly reify ]
120 silly reify mark retired [
120 silly reify   '/Users/artosetrov/Documents/Cursor AI/maporia/node_modules/json-schema-traverse 2'
120 silly reify ]
121 silly reify mark retired [
121 silly reify   '/Users/artosetrov/Documents/Cursor AI/maporia/node_modules/json-stable-stringify-without-jsonify 2'
121 silly reify ]
122 silly reify mark retired [
122 silly reify   '/Users/artosetrov/Documents/Cursor AI/maporia/node_modules/jsx-ast-utils 2'
122 silly reify ]
123 silly reify mark retired [ '/Users/artosetrov/Documents/Cursor AI/maporia/node_modules/levn 2' ]
124 silly reify mark retired [
124 silly reify   '/Users/artosetrov/Documents/Cursor AI/maporia/node_modules/magic-string 2'
124 silly reify ]
125 silly reify mark retired [
125 silly reify   '/Users/artosetrov/Documents/Cursor AI/maporia/node_modules/lodash 2.merge'
125 silly reify ]
126 silly reify mark retired [
126 silly reify   '/Users/artosetrov/Documents/Cursor AI/maporia/node_modules/lru-cache 2'
126 silly reify ]
127 silly reify mark retired [
127 silly reify   '/Users/artosetrov/Documents/Cursor AI/maporia/node_modules/merge2 2'
127 silly reify ]
128 silly reify mark retired [ '/Users/artosetrov/Documents/Cursor AI/maporia/node_modules/ms 2' ]
129 silly reify mark retired [
129 silly reify   '/Users/artosetrov/Documents/Cursor AI/maporia/node_modules/natural-compare 2'
129 silly reify ]
130 silly reify mark retired [
130 silly reify   '/Users/artosetrov/Documents/Cursor AI/maporia/node_modules/next 2',
130 silly reify   '/Users/artosetrov/Documents/Cursor AI/maporia/node_modules/.bin/next'
130 silly reify ]
131 silly reify mark retired [
131 silly reify   '/Users/artosetrov/Documents/Cursor AI/maporia/node_modules/node-releases 2'
131 silly reify ]
132 silly reify mark retired [
132 silly reify   '/Users/artosetrov/Documents/Cursor AI/maporia/node_modules/object 2.entries'
132 silly reify ]
133 silly reify mark retired [
133 silly reify   '/Users/artosetrov/Documents/Cursor AI/maporia/node_modules/object 2.assign'
133 silly reify ]
134 silly reify mark retired [
134 silly reify   '/Users/artosetrov/Documents/Cursor AI/maporia/node_modules/object 2.groupby'
134 silly reify ]
135 silly reify mark retired [
135 silly reify   '/Users/artosetrov/Documents/Cursor AI/maporia/node_modules/object 2.values'
135 silly reify ]
136 silly reify mark retired [
136 silly reify   '/Users/artosetrov/Documents/Cursor AI/maporia/node_modules/optionator 2'
136 silly reify ]
137 silly reify mark retired [
137 silly reify   '/Users/artosetrov/Documents/Cursor AI/maporia/node_modules/p-locate 2'
137 silly reify ]
138 silly reify mark retired [
138 silly reify   '/Users/artosetrov/Documents/Cursor AI/maporia/node_modules/possible-typed-array-names 2'
138 silly reify ]
139 silly reify mark retired [
139 silly reify   '/Users/artosetrov/Documents/Cursor AI/maporia/node_modules/picocolors 2'
139 silly reify ]
140 silly reify mark retired [
140 silly reify   '/Users/artosetrov/Documents/Cursor AI/maporia/node_modules/postcss 2'
140 silly reify ]
141 silly reify mark retired [
141 silly reify   '/Users/artosetrov/Documents/Cursor AI/maporia/node_modules/prelude-ls 2'
141 silly reify ]
142 silly reify mark retired [
142 silly reify   '/Users/artosetrov/Documents/Cursor AI/maporia/node_modules/react-dom 2'
142 silly reify ]
143 silly reify mark retired [
143 silly reify   '/Users/artosetrov/Documents/Cursor AI/maporia/node_modules/regexp.prototype 2.flags'
143 silly reify ]
144 silly reify mark retired [
144 silly reify   '/Users/artosetrov/Documents/Cursor AI/maporia/node_modules/resolve-pkg-maps 2'
144 silly reify ]
145 silly reify mark retired [
145 silly reify   '/Users/artosetrov/Documents/Cursor AI/maporia/node_modules/reusify 2'
145 silly reify ]
146 silly reify mark retired [
146 silly reify   '/Users/artosetrov/Documents/Cursor AI/maporia/node_modules/safe-regex-test 2'
146 silly reify ]
147 silly reify mark retired [
147 silly reify   '/Users/artosetrov/Documents/Cursor AI/maporia/node_modules/safe-push-apply 2'
147 silly reify ]
148 silly reify mark retired [
148 silly reify   '/Users/artosetrov/Documents/Cursor AI/maporia/node_modules/semver 2',
148 silly reify   '/Users/artosetrov/Documents/Cursor AI/maporia/node_modules/.bin/semver'
148 silly reify ]
149 silly reify mark retired [
149 silly reify   '/Users/artosetrov/Documents/Cursor AI/maporia/node_modules/set-proto 2'
149 silly reify ]
150 silly reify mark retired [
150 silly reify   '/Users/artosetrov/Documents/Cursor AI/maporia/node_modules/set-function-length 2'
150 silly reify ]
151 silly reify mark retired [
151 silly reify   '/Users/artosetrov/Documents/Cursor AI/maporia/node_modules/shebang-command 2'
151 silly reify ]
152 silly reify mark retired [
152 silly reify   '/Users/artosetrov/Documents/Cursor AI/maporia/node_modules/side-channel 2'
152 silly reify ]
153 silly reify mark retired [
153 silly reify   '/Users/artosetrov/Documents/Cursor AI/maporia/node_modules/string.prototype 2.repeat'
153 silly reify ]
154 silly reify mark retired [
154 silly reify   '/Users/artosetrov/Documents/Cursor AI/maporia/node_modules/stop-iteration-iterator 2'
154 silly reify ]
155 silly reify mark retired [
155 silly reify   '/Users/artosetrov/Documents/Cursor AI/maporia/node_modules/string.prototype 2.trimstart'
155 silly reify ]
156 silly reify mark retired [
156 silly reify   '/Users/artosetrov/Documents/Cursor AI/maporia/node_modules/string.prototype 2.trim'
156 silly reify ]
157 silly reify mark retired [
157 silly reify   '/Users/artosetrov/Documents/Cursor AI/maporia/node_modules/strip-json-comments 2'
157 silly reify ]
158 silly reify mark retired [
158 silly reify   '/Users/artosetrov/Documents/Cursor AI/maporia/node_modules/styled-jsx 2'
158 silly reify ]
159 silly reify mark retired [
159 silly reify   '/Users/artosetrov/Documents/Cursor AI/maporia/node_modules/string.prototype 2.matchall'
159 silly reify ]
160 silly reify mark retired [
160 silly reify   '/Users/artosetrov/Documents/Cursor AI/maporia/node_modules/tailwindcss 2'
160 silly reify ]
161 silly reify mark retired [
161 silly reify   '/Users/artosetrov/Documents/Cursor AI/maporia/node_modules/tinyglobby 2'
161 silly reify ]
162 silly reify mark retired [
162 silly reify   '/Users/artosetrov/Documents/Cursor AI/maporia/node_modules/typed-array-byte-length 2'
162 silly reify ]
163 silly reify mark retired [
163 silly reify   '/Users/artosetrov/Documents/Cursor AI/maporia/node_modules/undici-types 2'
163 silly reify ]
164 silly reify mark retired [
164 silly reify   '/Users/artosetrov/Documents/Cursor AI/maporia/node_modules/update-browserslist-db 2',
164 silly reify   '/Users/artosetrov/Documents/Cursor AI/maporia/node_modules/.bin/update-browserslist-db'
164 silly reify ]
165 silly reify mark retired [
165 silly reify   '/Users/artosetrov/Documents/Cursor AI/maporia/node_modules/which-typed-array 2'
165 silly reify ]
166 silly reify mark retired [
166 silly reify   '/Users/artosetrov/Documents/Cursor AI/maporia/node_modules/yallist 2'
166 silly reify ]
167 silly reify mark retired [
167 silly reify   '/Users/artosetrov/Documents/Cursor AI/maporia/node_modules/@alloc 2/quick-lru'
167 silly reify ]
168 silly reify mark retired [
168 silly reify   '/Users/artosetrov/Documents/Cursor AI/maporia/node_modules/es-abstract 2'
168 silly reify ]
169 silly reify mark retired [
169 silly reify   '/Users/artosetrov/Documents/Cursor AI/maporia/node_modules/@emnapi 2/core'
169 silly reify ]
170 silly reify mark retired [
170 silly reify   '/Users/artosetrov/Documents/Cursor AI/maporia/node_modules/@emnapi 2/runtime'
170 silly reify ]
171 silly reify mark retired [
171 silly reify   '/Users/artosetrov/Documents/Cursor AI/maporia/node_modules/@emnapi 2/wasi-threads'
171 silly reify ]
172 silly reify mark retired [
172 silly reify   '/Users/artosetrov/Documents/Cursor AI/maporia/node_modules/@eslint-community 2/regexpp'
172 silly reify ]
173 silly reify mark retired [
173 silly reify   '/Users/artosetrov/Documents/Cursor AI/maporia/node_modules/@eslint-community 2/eslint-utils'
173 silly reify ]
174 silly reify mark retired [
174 silly reify   '/Users/artosetrov/Documents/Cursor AI/maporia/node_modules/@humanwhocodes 2/retry'
174 silly reify ]
175 silly reify mark retired [
175 silly reify   '/Users/artosetrov/Documents/Cursor AI/maporia/node_modules/@humanwhocodes 2/module-importer'
175 silly reify ]
176 silly reify mark retired [
176 silly reify   '/Users/artosetrov/Documents/Cursor AI/maporia/node_modules/@img 2/sharp-darwin-arm64'
176 silly reify ]
177 silly reify mark retired [
177 silly reify   '/Users/artosetrov/Documents/Cursor AI/maporia/node_modules/@img 2/sharp-libvips-darwin-arm64'
177 silly reify ]
178 silly reify mark retired [
178 silly reify   '/Users/artosetrov/Documents/Cursor AI/maporia/node_modules/@img 2/colour'
178 silly reify ]
179 silly reify mark retired [
179 silly reify   '/Users/artosetrov/Documents/Cursor AI/maporia/node_modules/@jridgewell 2/gen-mapping'
179 silly reify ]
180 silly reify mark retired [
180 silly reify   '/Users/artosetrov/Documents/Cursor AI/maporia/node_modules/@jridgewell 2/resolve-uri'
180 silly reify ]
181 silly reify mark retired [
181 silly reify   '/Users/artosetrov/Documents/Cursor AI/maporia/node_modules/@jridgewell 2/remapping'
181 silly reify ]
182 silly reify mark retired [
182 silly reify   '/Users/artosetrov/Documents/Cursor AI/maporia/node_modules/@jridgewell 2/trace-mapping'
182 silly reify ]
183 silly reify mark retired [
183 silly reify   '/Users/artosetrov/Documents/Cursor AI/maporia/node_modules/@jridgewell 2/sourcemap-codec'
183 silly reify ]
184 silly reify mark retired [
184 silly reify   '/Users/artosetrov/Documents/Cursor AI/maporia/node_modules/@next 2/eslint-plugin-next'
184 silly reify ]
185 silly reify mark retired [
185 silly reify   '/Users/artosetrov/Documents/Cursor AI/maporia/node_modules/@next 2/env'
185 silly reify ]
186 silly reify mark retired [
186 silly reify   '/Users/artosetrov/Documents/Cursor AI/maporia/node_modules/@next 2/swc-darwin-arm64'
186 silly reify ]
187 silly reify mark retired [
187 silly reify   '/Users/artosetrov/Documents/Cursor AI/maporia/node_modules/@napi-rs 2/wasm-runtime'
187 silly reify ]
188 silly reify mark retired [
188 silly reify   '/Users/artosetrov/Documents/Cursor AI/maporia/node_modules/@nodelib 2/fs.scandir'
188 silly reify ]
189 silly reify mark retired [
189 silly reify   '/Users/artosetrov/Documents/Cursor AI/maporia/node_modules/@nodelib 2/fs.stat'
189 silly reify ]
190 silly reify mark retired [
190 silly reify   '/Users/artosetrov/Documents/Cursor AI/maporia/node_modules/@nodelib 2/fs.walk'
190 silly reify ]
191 silly reify mark retired [
191 silly reify   '/Users/artosetrov/Documents/Cursor AI/maporia/node_modules/@tailwindcss 2/oxide-darwin-arm64'
191 silly reify ]
192 silly reify mark retired [
192 silly reify   '/Users/artosetrov/Documents/Cursor AI/maporia/node_modules/@tailwindcss 2/node'
192 silly reify ]
193 silly reify mark retired [
193 silly reify   '/Users/artosetrov/Documents/Cursor AI/maporia/node_modules/@tybys 2/wasm-util'
193 silly reify ]
194 silly reify mark retired [
194 silly reify   '/Users/artosetrov/Documents/Cursor AI/maporia/node_modules/@types 2/estree'
194 silly reify ]
195 silly reify mark retired [
195 silly reify   '/Users/artosetrov/Documents/Cursor AI/maporia/node_modules/@types 2/json-schema'
195 silly reify ]
196 silly reify mark retired [
196 silly reify   '/Users/artosetrov/Documents/Cursor AI/maporia/node_modules/@types 2/json5'
196 silly reify ]
197 silly reify mark retired [
197 silly reify   '/Users/artosetrov/Documents/Cursor AI/maporia/node_modules/@types 2/react'
197 silly reify ]
198 silly reify mark retired [
198 silly reify   '/Users/artosetrov/Documents/Cursor AI/maporia/node_modules/@types 2/node'
198 silly reify ]
199 silly reify mark retired [
199 silly reify   '/Users/artosetrov/Documents/Cursor AI/maporia/node_modules/@types 2/react-dom'
199 silly reify ]
200 silly reify mark retired [
200 silly reify   '/Users/artosetrov/Documents/Cursor AI/maporia/node_modules/@typescript-eslint 2/eslint-plugin'
200 silly reify ]
201 silly reify mark retired [
201 silly reify   '/Users/artosetrov/Documents/Cursor AI/maporia/node_modules/@tailwindcss 2/oxide'
201 silly reify ]
202 silly reify mark retired [
202 silly reify   '/Users/artosetrov/Documents/Cursor AI/maporia/node_modules/@typescript-eslint 2/parser'
202 silly reify ]
203 silly reify mark retired [
203 silly reify   '/Users/artosetrov/Documents/Cursor AI/maporia/node_modules/@typescript-eslint 2/scope-manager'
203 silly reify ]
204 silly reify mark retired [
204 silly reify   '/Users/artosetrov/Documents/Cursor AI/maporia/node_modules/@typescript-eslint 2/tsconfig-utils'
204 silly reify ]
205 silly reify mark retired [
205 silly reify   '/Users/artosetrov/Documents/Cursor AI/maporia/node_modules/@typescript-eslint 2/project-service'
205 silly reify ]
206 silly reify mark retired [
206 silly reify   '/Users/artosetrov/Documents/Cursor AI/maporia/node_modules/@typescript-eslint 2/typescript-estree'
206 silly reify ]
207 silly reify mark retired [
207 silly reify   '/Users/artosetrov/Documents/Cursor AI/maporia/node_modules/@typescript-eslint 2/type-utils'
207 silly reify ]
208 silly reify mark retired [
208 silly reify   '/Users/artosetrov/Documents/Cursor AI/maporia/node_modules/@typescript-eslint 2/visitor-keys'
208 silly reify ]
209 silly reify mark retired [
209 silly reify   '/Users/artosetrov/Documents/Cursor AI/maporia/node_modules/@typescript-eslint 2/types'
209 silly reify ]
210 silly reify mark retired [
210 silly reify   '/Users/artosetrov/Documents/Cursor AI/maporia/node_modules/@typescript-eslint 2/utils'
210 silly reify ]
211 silly reify mark retired [
211 silly reify   '/Users/artosetrov/Documents/Cursor AI/maporia/node_modules/@tailwindcss 2/postcss'
211 silly reify ]
212 silly reify moves {
212 silly reify   '/Users/artosetrov/Documents/Cursor AI/maporia/node_modules/ajv 2': '/Users/artosetrov/Documents/Cursor AI/maporia/node_modules/.ajv 2-pMcbcr50',
212 silly reify   '/Users/artosetrov/Documents/Cursor AI/maporia/node_modules/array-includes 2': '/Users/artosetrov/Documents/Cursor AI/maporia/node_modules/.array-includes 2-2kv0ulW3',
212 silly reify   '/Users/artosetrov/Documents/Cursor AI/maporia/node_modules/ast-types-flow 2': '/Users/artosetrov/Documents/Cursor AI/maporia/node_modules/.ast-types-flow 2-KBJNYzBu',
212 silly reify   '/Users/artosetrov/Documents/Cursor AI/maporia/node_modules/available-typed-arrays 2': '/Users/artosetrov/Documents/Cursor AI/maporia/node_modules/.available-typed-arrays 2-RJOSMroc',
212 silly reify   '/Users/artosetrov/Documents/Cursor AI/maporia/node_modules/es-object-atoms 2': '/Users/artosetrov/Documents/Cursor AI/maporia/node_modules/.es-object-atoms 2-oDByKURf',
212 silly reify   '/Users/artosetrov/Documents/Cursor AI/maporia/node_modules/get-symbol-description 2': '/Users/artosetrov/Documents/Cursor AI/maporia/node_modules/.get-symbol-description 2-ZAgC11t6',
212 silly reify   '/Users/artosetrov/Documents/Cursor AI/maporia/node_modules/globalthis 2': '/Users/artosetrov/Documents/Cursor AI/maporia/node_modules/.globalthis 2-BH6xFu0a',
212 silly reify   '/Users/artosetrov/Documents/Cursor AI/maporia/node_modules/gopd 2': '/Users/artosetrov/Documents/Cursor AI/maporia/node_modules/.gopd 2-cCKf477n',
212 silly reify   '/Users/artosetrov/Documents/Cursor AI/maporia/node_modules/is-bun-module 2': '/Users/artosetrov/Documents/Cursor AI/maporia/node_modules/.is-bun-module 2-DFi1uWiB',
212 silly reify   '/Users/artosetrov/Documents/Cursor AI/maporia/node_modules/json-buffer 2': '/Users/artosetrov/Documents/Cursor AI/maporia/node_modules/.json-buffer 2-Qkh40gPP',
212 silly reify   '/Users/artosetrov/Documents/Cursor AI/maporia/node_modules/minimatch 2': '/Users/artosetrov/Documents/Cursor AI/maporia/node_modules/.minimatch 2-OOOW26iC',
212 silly reify   '/Users/artosetrov/Documents/Cursor AI/maporia/node_modules/object 2.fromentries': '/Users/artosetrov/Documents/Cursor AI/maporia/node_modules/.object 2.fromentries-UF4AjERn',
212 silly reify   '/Users/artosetrov/Documents/Cursor AI/maporia/node_modules/object-inspect 2': '/Users/artosetrov/Documents/Cursor AI/maporia/node_modules/.object-inspect 2-Y60MhY15',
212 silly reify   '/Users/artosetrov/Documents/Cursor AI/maporia/node_modules/tapable 2': '/Users/artosetrov/Documents/Cursor AI/maporia/node_modules/.tapable 2-00b7xw53',
212 silly reify   '/Users/artosetrov/Documents/Cursor AI/maporia/node_modules/typed-array-length 2': '/Users/artosetrov/Documents/Cursor AI/maporia/node_modules/.typed-array-length 2-9wan21AN',
212 silly reify   '/Users/artosetrov/Documents/Cursor AI/maporia/node_modules/which 2': '/Users/artosetrov/Documents/Cursor AI/maporia/node_modules/.which 2-UrK2fx0m',
212 silly reify   '/Users/artosetrov/Documents/Cursor AI/maporia/node_modules/zod-validation-error 2': '/Users/artosetrov/Documents/Cursor AI/maporia/node_modules/.zod-validation-error 2-tPFVTaao',
212 silly reify   '/Users/artosetrov/Documents/Cursor AI/maporia/node_modules/@swc 2/helpers': '/Users/artosetrov/Documents/Cursor AI/maporia/node_modules/@swc 2/.helpers-9RS9d65a',
212 silly reify   '/Users/artosetrov/Documents/Cursor AI/maporia/node_modules/acorn 2': '/Users/artosetrov/Documents/Cursor AI/maporia/node_modules/.acorn 2-9AWIO3iu',
212 silly reify   '/Users/artosetrov/Documents/Cursor AI/maporia/node_modules/.bin/acorn': '/Users/artosetrov/Documents/Cursor AI/maporia/node_modules/.bin/.acorn-gX9aJOZb',
212 silly reify   '/Users/artosetrov/Documents/Cursor AI/maporia/node_modules/acorn-jsx 2': '/Users/artosetrov/Documents/Cursor AI/maporia/node_modules/.acorn-jsx 2-BGLsVnnC',
212 silly reify   '/Users/artosetrov/Documents/Cursor AI/maporia/node_modules/aria-query 2': '/Users/artosetrov/Documents/Cursor AI/maporia/node_modules/.aria-query 2-4EdjUY0D',
212 silly reify   '/Users/artosetrov/Documents/Cursor AI/maporia/node_modules/ansi-styles 2': '/Users/artosetrov/Documents/Cursor AI/maporia/node_modules/.ansi-styles 2-fT1p689q',
212 silly reify   '/Users/artosetrov/Documents/Cursor AI/maporia/node_modules/array.prototype 2.findlastindex': '/Users/artosetrov/Documents/Cursor AI/maporia/node_modules/.array.prototype 2.findlastindex-OdmF7Ams',
212 silly reify   '/Users/artosetrov/Documents/Cursor AI/maporia/node_modules/array.prototype 2.tosorted': '/Users/artosetrov/Documents/Cursor AI/maporia/node_modules/.array.prototype 2.tosorted-oHmwz7e7',
212 silly reify   '/Users/artosetrov/Documents/Cursor AI/maporia/node_modules/array.prototype 2.flat': '/Users/artosetrov/Documents/Cursor AI/maporia/node_modules/.array.prototype 2.flat-OQATLgE4',
212 silly reify   '/Users/artosetrov/Documents/Cursor AI/maporia/node_modules/array.prototype 2.flatmap': '/Users/artosetrov/Documents/Cursor AI/maporia/node_modules/.array.prototype 2.flatmap-HEC2bSEq',
212 silly reify   '/Users/artosetrov/Documents/Cursor AI/maporia/node_modules/balanced-match 2': '/Users/artosetrov/Documents/Cursor AI/maporia/node_modules/.balanced-match 2-C7ZY5zlI',
212 silly reify   '/Users/artosetrov/Documents/Cursor AI/maporia/node_modules/axe-core 2': '/Users/artosetrov/Documents/Cursor AI/maporia/node_modules/.axe-core 2-0Cbl9g2M',
212 silly reify   '/Users/artosetrov/Documents/Cursor AI/maporia/node_modules/baseline-browser-mapping 2': '/Users/artosetrov/Documents/Cursor AI/maporia/node_modules/.baseline-browser-mapping 2-3CBzQMyK',
212 silly reify   '/Users/artosetrov/Documents/Cursor AI/maporia/node_modules/.bin/baseline-browser-mapping': '/Users/artosetrov/Documents/Cursor AI/maporia/node_modules/.bin/.baseline-browser-mapping-YvGTQkt7',
212 silly reify   '/Users/artosetrov/Documents/Cursor AI/maporia/node_modules/braces 2': '/Users/artosetrov/Documents/Cursor AI/maporia/node_modules/.braces 2-0LnGWIoV',
212 silly reify   '/Users/artosetrov/Documents/Cursor AI/maporia/node_modules/browserslist 2': '/Users/artosetrov/Documents/Cursor AI/maporia/node_modules/.browserslist 2-lO9Y5JwH',
212 silly reify   '/Users/artosetrov/Documents/Cursor AI/maporia/node_modules/.bin/browserslist': '/Users/artosetrov/Documents/Cursor AI/maporia/node_modules/.bin/.browserslist-IhITDLXR',
212 silly reify   '/Users/artosetrov/Documents/Cursor AI/maporia/node_modules/call-bind-apply-helpers 2': '/Users/artosetrov/Documents/Cursor AI/maporia/node_modules/.call-bind-apply-helpers 2-51uoQb0Y',
212 silly reify   '/Users/artosetrov/Documents/Cursor AI/maporia/node_modules/chalk 2': '/Users/artosetrov/Documents/Cursor AI/maporia/node_modules/.chalk 2-dPOA7m8D',
212 silly reify   '/Users/artosetrov/Documents/Cursor AI/maporia/node_modules/color-name 2': '/Users/artosetrov/Documents/Cursor AI/maporia/node_modules/.color-name 2-dY3Q3Gp0',
212 silly reify   '/Users/artosetrov/Documents/Cursor AI/maporia/node_modules/csstype 2': '/Users/artosetrov/Documents/Cursor AI/maporia/node_modules/.csstype 2-dnoKH9c9',
212 silly reify   '/Users/artosetrov/Documents/Cursor AI/maporia/node_modules/cross-spawn 2': '/Users/artosetrov/Documents/Cursor AI/maporia/node_modules/.cross-spawn 2-4xRislxL',
212 silly reify   '/Users/artosetrov/Documents/Cursor AI/maporia/node_modules/data-view-buffer 2': '/Users/artosetrov/Documents/Cursor AI/maporia/node_modules/.data-view-buffer 2-OmI2kz1L',
212 silly reify   '/Users/artosetrov/Documents/Cursor AI/maporia/node_modules/debug 2': '/Users/artosetrov/Documents/Cursor AI/maporia/node_modules/.debug 2-7v8G7pgt',
212 silly reify   '/Users/artosetrov/Documents/Cursor AI/maporia/node_modules/convert-source-map 2': '/Users/artosetrov/Documents/Cursor AI/maporia/node_modules/.convert-source-map 2-EtMhCGfn',
212 silly reify   '/Users/artosetrov/Documents/Cursor AI/maporia/node_modules/data-view-byte-offset 2': '/Users/artosetrov/Documents/Cursor AI/maporia/node_modules/.data-view-byte-offset 2-6mXk62rV',
212 silly reify   '/Users/artosetrov/Documents/Cursor AI/maporia/node_modules/damerau-levenshtein 2': '/Users/artosetrov/Documents/Cursor AI/maporia/node_modules/.damerau-levenshtein 2-Q8AsqoKR',
212 silly reify   '/Users/artosetrov/Documents/Cursor AI/maporia/node_modules/define-properties 2': '/Users/artosetrov/Documents/Cursor AI/maporia/node_modules/.define-properties 2-vXF6Bft4',
212 silly reify   '/Users/artosetrov/Documents/Cursor AI/maporia/node_modules/doctrine 2': '/Users/artosetrov/Documents/Cursor AI/maporia/node_modules/.doctrine 2-p9QEPUZE',
212 silly reify   '/Users/artosetrov/Documents/Cursor AI/maporia/node_modules/define-data-property 2': '/Users/artosetrov/Documents/Cursor AI/maporia/node_modules/.define-data-property 2-f4c58TTc',
212 silly reify   '/Users/artosetrov/Documents/Cursor AI/maporia/node_modules/enhanced-resolve 2': '/Users/artosetrov/Documents/Cursor AI/maporia/node_modules/.enhanced-resolve 2-fvEytwFf',
212 silly reify   '/Users/artosetrov/Documents/Cursor AI/maporia/node_modules/emoji-regex 2': '/Users/artosetrov/Documents/Cursor AI/maporia/node_modules/.emoji-regex 2-YO0zA2zb',
212 silly reify   '/Users/artosetrov/Documents/Cursor AI/maporia/node_modules/es-errors 2': '/Users/artosetrov/Documents/Cursor AI/maporia/node_modules/.es-errors 2-B5RT1kck',
212 silly reify   '/Users/artosetrov/Documents/Cursor AI/maporia/node_modules/es-set-tostringtag 2': '/Users/artosetrov/Documents/Cursor AI/maporia/node_modules/.es-set-tostringtag 2-oJ5oR7z8',
212 silly reify   '/Users/artosetrov/Documents/Cursor AI/maporia/node_modules/es-shim-unscopables 2': '/Users/artosetrov/Documents/Cursor AI/maporia/node_modules/.es-shim-unscopables 2-OYIj5oah',
212 silly reify   '/Users/artosetrov/Documents/Cursor AI/maporia/node_modules/es-to-primitive 2': '/Users/artosetrov/Documents/Cursor AI/maporia/node_modules/.es-to-primitive 2-LH03sDMd',
212 silly reify   '/Users/artosetrov/Documents/Cursor AI/maporia/node_modules/eslint 2': '/Users/artosetrov/Documents/Cursor AI/maporia/node_modules/.eslint 2-wRBo5Owb',
212 silly reify   '/Users/artosetrov/Documents/Cursor AI/maporia/node_modules/.bin/eslint': '/Users/artosetrov/Documents/Cursor AI/maporia/node_modules/.bin/.eslint-f6gIuSnT',
212 silly reify   '/Users/artosetrov/Documents/Cursor AI/maporia/node_modules/eslint-import-resolver-typescript 2': '/Users/artosetrov/Documents/Cursor AI/maporia/node_modules/.eslint-import-resolver-typescript 2-7zdRCs5b',
212 silly reify   '/Users/artosetrov/Documents/Cursor AI/maporia/node_modules/eslint-plugin-import 2': '/Users/artosetrov/Documents/Cursor AI/maporia/node_modules/.eslint-plugin-import 2-TWc9d1aw',
212 silly reify   '/Users/artosetrov/Documents/Cursor AI/maporia/node_modules/eslint-plugin-jsx-a11y 2': '/Users/artosetrov/Documents/Cursor AI/maporia/node_modules/.eslint-plugin-jsx-a11y 2-Gcm88a62',
212 silly reify   '/Users/artosetrov/Documents/Cursor AI/maporia/node_modules/eslint-plugin-react-hooks 2': '/Users/artosetrov/Documents/Cursor AI/maporia/node_modules/.eslint-plugin-react-hooks 2-wIJ250br',
212 silly reify   '/Users/artosetrov/Documents/Cursor AI/maporia/node_modules/eslint-visitor-keys 2': '/Users/artosetrov/Documents/Cursor AI/maporia/node_modules/.eslint-visitor-keys 2-Yl5x7UCq',
212 silly reify   '/Users/artosetrov/Documents/Cursor AI/maporia/node_modules/esquery 2': '/Users/artosetrov/Documents/Cursor AI/maporia/node_modules/.esquery 2-HD9j7TZ9',
212 silly reify   '/Users/artosetrov/Documents/Cursor AI/maporia/node_modules/esutils 2': '/Users/artosetrov/Documents/Cursor AI/maporia/node_modules/.esutils 2-khQTK1Ai',
212 silly reify   '/Users/artosetrov/Documents/Cursor AI/maporia/node_modules/fast-glob 2': '/Users/artosetrov/Documents/Cursor AI/maporia/node_modules/.fast-glob 2-eUR94bbH',
212 silly reify   '/Users/artosetrov/Documents/Cursor AI/maporia/node_modules/fast-json-stable-stringify 2': '/Users/artosetrov/Documents/Cursor AI/maporia/node_modules/.fast-json-stable-stringify 2-uapKQO8p',
212 silly reify   '/Users/artosetrov/Documents/Cursor AI/maporia/node_modules/file-entry-cache 2': '/Users/artosetrov/Documents/Cursor AI/maporia/node_modules/.file-entry-cache 2-hzPHNFWO',
212 silly reify   '/Users/artosetrov/Documents/Cursor AI/maporia/node_modules/find-up 2': '/Users/artosetrov/Documents/Cursor AI/maporia/node_modules/.find-up 2-CFFVQVnr',
212 silly reify   '/Users/artosetrov/Documents/Cursor AI/maporia/node_modules/fill-range 2': '/Users/artosetrov/Documents/Cursor AI/maporia/node_modules/.fill-range 2-bB2YUIlY',
212 silly reify   '/Users/artosetrov/Documents/Cursor AI/maporia/node_modules/flatted 2': '/Users/artosetrov/Documents/Cursor AI/maporia/node_modules/.flatted 2-uhMN1rKx',
212 silly reify   '/Users/artosetrov/Documents/Cursor AI/maporia/node_modules/espree 2': '/Users/artosetrov/Documents/Cursor AI/maporia/node_modules/.espree 2-koe77MG1',
212 silly reify   '/Users/artosetrov/Documents/Cursor AI/maporia/node_modules/function.prototype 2.name': '/Users/artosetrov/Documents/Cursor AI/maporia/node_modules/.function.prototype 2.name-XMh2irz7',
212 silly reify   '/Users/artosetrov/Documents/Cursor AI/maporia/node_modules/function-bind 2': '/Users/artosetrov/Documents/Cursor AI/maporia/node_modules/.function-bind 2-1GBvxzNP',
212 silly reify   '/Users/artosetrov/Documents/Cursor AI/maporia/node_modules/get-intrinsic 2': '/Users/artosetrov/Documents/Cursor AI/maporia/node_modules/.get-intrinsic 2-dZ3PTCjs',
212 silly reify   '/Users/artosetrov/Documents/Cursor AI/maporia/node_modules/get-proto 2': '/Users/artosetrov/Documents/Cursor AI/maporia/node_modules/.get-proto 2-BHW3kCgS',
212 silly reify   '/Users/artosetrov/Documents/Cursor AI/maporia/node_modules/get-tsconfig 2': '/Users/artosetrov/Documents/Cursor AI/maporia/node_modules/.get-tsconfig 2-sWXteokV',
212 silly reify   '/Users/artosetrov/Documents/Cursor AI/maporia/node_modules/glob-parent 2': '/Users/artosetrov/Documents/Cursor AI/maporia/node_modules/.glob-parent 2-2tgHokG6',
212 silly reify   '/Users/artosetrov/Documents/Cursor AI/maporia/node_modules/globals 2': '/Users/artosetrov/Documents/Cursor AI/maporia/node_modules/.globals 2-2FWNxdbO',
212 silly reify   '/Users/artosetrov/Documents/Cursor AI/maporia/node_modules/graceful-fs 2': '/Users/artosetrov/Documents/Cursor AI/maporia/node_modules/.graceful-fs 2-Lp7L2GBB',
212 silly reify   '/Users/artosetrov/Documents/Cursor AI/maporia/node_modules/has-property-descriptors 2': '/Users/artosetrov/Documents/Cursor AI/maporia/node_modules/.has-property-descriptors 2-UUaIfrTK',
212 silly reify   '/Users/artosetrov/Documents/Cursor AI/maporia/node_modules/has-symbols 2': '/Users/artosetrov/Documents/Cursor AI/maporia/node_modules/.has-symbols 2-bHQIs51D',
212 silly reify   '/Users/artosetrov/Documents/Cursor AI/maporia/node_modules/hermes-parser 2': '/Users/artosetrov/Documents/Cursor AI/maporia/node_modules/.hermes-parser 2-ZDloidKj',
212 silly reify   '/Users/artosetrov/Documents/Cursor AI/maporia/node_modules/ignore 2': '/Users/artosetrov/Documents/Cursor AI/maporia/node_modules/.ignore 2-AWX0C96h',
212 silly reify   '/Users/artosetrov/Documents/Cursor AI/maporia/node_modules/hermes-estree 2': '/Users/artosetrov/Documents/Cursor AI/maporia/node_modules/.hermes-estree 2-kvKRi2IA',
212 silly reify   '/Users/artosetrov/Documents/Cursor AI/maporia/node_modules/imurmurhash 2': '/Users/artosetrov/Documents/Cursor AI/maporia/node_modules/.imurmurhash 2-n1BAEP27',
212 silly reify   '/Users/artosetrov/Documents/Cursor AI/maporia/node_modules/is-array-buffer 2': '/Users/artosetrov/Documents/Cursor AI/maporia/node_modules/.is-array-buffer 2-sU8ZLZVn',
212 silly reify   '/Users/artosetrov/Documents/Cursor AI/maporia/node_modules/is-core-module 2': '/Users/artosetrov/Documents/Cursor AI/maporia/node_modules/.is-core-module 2-X1OlPJ0E',
212 silly reify   '/Users/artosetrov/Documents/Cursor AI/maporia/node_modules/is-data-view 2': '/Users/artosetrov/Documents/Cursor AI/maporia/node_modules/.is-data-view 2-DyYclAor',
212 silly reify   '/Users/artosetrov/Documents/Cursor AI/maporia/node_modules/is-date-object 2': '/Users/artosetrov/Documents/Cursor AI/maporia/node_modules/.is-date-object 2-iIUnSU9X',
212 silly reify   '/Users/artosetrov/Documents/Cursor AI/maporia/node_modules/is-glob 2': '/Users/artosetrov/Documents/Cursor AI/maporia/node_modules/.is-glob 2-21ifSX0X',
212 silly reify   '/Users/artosetrov/Documents/Cursor AI/maporia/node_modules/is-set 2': '/Users/artosetrov/Documents/Cursor AI/maporia/node_modules/.is-set 2-qQZUG22Q',
212 silly reify   '/Users/artosetrov/Documents/Cursor AI/maporia/node_modules/is-shared-array-buffer 2': '/Users/artosetrov/Documents/Cursor AI/maporia/node_modules/.is-shared-array-buffer 2-3Nuf84pH',
212 silly reify   '/Users/artosetrov/Documents/Cursor AI/maporia/node_modules/iterator 2.prototype': '/Users/artosetrov/Documents/Cursor AI/maporia/node_modules/.iterator 2.prototype-LrU1xlWV',
212 silly reify   '/Users/artosetrov/Documents/Cursor AI/maporia/node_modules/is-regex 2': '/Users/artosetrov/Documents/Cursor AI/maporia/node_modules/.is-regex 2-2h7sHZJj',
212 silly reify   '/Users/artosetrov/Documents/Cursor AI/maporia/node_modules/jiti 2': '/Users/artosetrov/Documents/Cursor AI/maporia/node_modules/.jiti 2-YXOTTQj3',
212 silly reify   '/Users/artosetrov/Documents/Cursor AI/maporia/node_modules/.bin/jiti': '/Users/artosetrov/Documents/Cursor AI/maporia/node_modules/.bin/.jiti-azMHZGlx',
212 silly reify   '/Users/artosetrov/Documents/Cursor AI/maporia/node_modules/js-yaml 2': '/Users/artosetrov/Documents/Cursor AI/maporia/node_modules/.js-yaml 2-rfWLTz0U',
212 silly reify   '/Users/artosetrov/Documents/Cursor AI/maporia/node_modules/.bin/js-yaml': '/Users/artosetrov/Documents/Cursor AI/maporia/node_modules/.bin/.js-yaml-dhE3dwRX',
212 silly reify   '/Users/artosetrov/Documents/Cursor AI/maporia/node_modules/json-schema-traverse 2': '/Users/artosetrov/Documents/Cursor AI/maporia/node_modules/.json-schema-traverse 2-FOlGNnjP',
212 silly reify   '/Users/artosetrov/Documents/Cursor AI/maporia/node_modules/json-stable-stringify-without-jsonify 2': '/Users/artosetrov/Documents/Cursor AI/maporia/node_modules/.json-stable-stringify-without-jsonify 2-5vRcaieQ',
212 silly reify   '/Users/artosetrov/Documents/Cursor AI/maporia/node_modules/jsx-ast-utils 2': '/Users/artosetrov/Documents/Cursor AI/maporia/node_modules/.jsx-ast-utils 2-G0BU4KGS',
212 silly reify   '/Users/artosetrov/Documents/Cursor AI/maporia/node_modules/levn 2': '/Users/artosetrov/Documents/Cursor AI/maporia/node_modules/.levn 2-cCz9Dbf7',
212 silly reify   '/Users/artosetrov/Documents/Cursor AI/maporia/node_modules/magic-string 2': '/Users/artosetrov/Documents/Cursor AI/maporia/node_modules/.magic-string 2-cbwYxNTT',
212 silly reify   '/Users/artosetrov/Documents/Cursor AI/maporia/node_modules/lodash 2.merge': '/Users/artosetrov/Documents/Cursor AI/maporia/node_modules/.lodash 2.merge-sdwirm6X',
212 silly reify   '/Users/artosetrov/Documents/Cursor AI/maporia/node_modules/lru-cache 2': '/Users/artosetrov/Documents/Cursor AI/maporia/node_modules/.lru-cache 2-yfOboRY4',
212 silly reify   '/Users/artosetrov/Documents/Cursor AI/maporia/node_modules/merge2 2': '/Users/artosetrov/Documents/Cursor AI/maporia/node_modules/.merge2 2-EqtaQGYI',
212 silly reify   '/Users/artosetrov/Documents/Cursor AI/maporia/node_modules/ms 2': '/Users/artosetrov/Documents/Cursor AI/maporia/node_modules/.ms 2-TXui99eK',
212 silly reify   '/Users/artosetrov/Documents/Cursor AI/maporia/node_modules/natural-compare 2': '/Users/artosetrov/Documents/Cursor AI/maporia/node_modules/.natural-compare 2-OZXcWt2A',
212 silly reify   '/Users/artosetrov/Documents/Cursor AI/maporia/node_modules/next 2': '/Users/artosetrov/Documents/Cursor AI/maporia/node_modules/.next 2-F2D2lj3v',
212 silly reify   '/Users/artosetrov/Documents/Cursor AI/maporia/node_modules/.bin/next': '/Users/artosetrov/Documents/Cursor AI/maporia/node_modules/.bin/.next-Fbj4GNJw',
212 silly reify   '/Users/artosetrov/Documents/Cursor AI/maporia/node_modules/node-releases 2': '/Users/artosetrov/Documents/Cursor AI/maporia/node_modules/.node-releases 2-mIiFYAJG',
212 silly reify   '/Users/artosetrov/Documents/Cursor AI/maporia/node_modules/object 2.entries': '/Users/artosetrov/Documents/Cursor AI/maporia/node_modules/.object 2.entries-aCQkWQ5G',
212 silly reify   '/Users/artosetrov/Documents/Cursor AI/maporia/node_modules/object 2.assign': '/Users/artosetrov/Documents/Cursor AI/maporia/node_modules/.object 2.assign-9OLVnbBR',
212 silly reify   '/Users/artosetrov/Documents/Cursor AI/maporia/node_modules/object 2.groupby': '/Users/artosetrov/Documents/Cursor AI/maporia/node_modules/.object 2.groupby-B4Xiyf04',
212 silly reify   '/Users/artosetrov/Documents/Cursor AI/maporia/node_modules/object 2.values': '/Users/artosetrov/Documents/Cursor AI/maporia/node_modules/.object 2.values-ZIzaQoQ0',
212 silly reify   '/Users/artosetrov/Documents/Cursor AI/maporia/node_modules/optionator 2': '/Users/artosetrov/Documents/Cursor AI/maporia/node_modules/.optionator 2-XqAzXNoJ',
212 silly reify   '/Users/artosetrov/Documents/Cursor AI/maporia/node_modules/p-locate 2': '/Users/artosetrov/Documents/Cursor AI/maporia/node_modules/.p-locate 2-VLzubtKQ',
212 silly reify   '/Users/artosetrov/Documents/Cursor AI/maporia/node_modules/possible-typed-array-names 2': '/Users/artosetrov/Documents/Cursor AI/maporia/node_modules/.possible-typed-array-names 2-tshHLqqA',
212 silly reify   '/Users/artosetrov/Documents/Cursor AI/maporia/node_modules/picocolors 2': '/Users/artosetrov/Documents/Cursor AI/maporia/node_modules/.picocolors 2-yQolXOPU',
212 silly reify   '/Users/artosetrov/Documents/Cursor AI/maporia/node_modules/postcss 2': '/Users/artosetrov/Documents/Cursor AI/maporia/node_modules/.postcss 2-AqrBbq93',
212 silly reify   '/Users/artosetrov/Documents/Cursor AI/maporia/node_modules/prelude-ls 2': '/Users/artosetrov/Documents/Cursor AI/maporia/node_modules/.prelude-ls 2-raGPaJCF',
212 silly reify   '/Users/artosetrov/Documents/Cursor AI/maporia/node_modules/react-dom 2': '/Users/artosetrov/Documents/Cursor AI/maporia/node_modules/.react-dom 2-fPIa8vb4',
212 silly reify   '/Users/artosetrov/Documents/Cursor AI/maporia/node_modules/regexp.prototype 2.flags': '/Users/artosetrov/Documents/Cursor AI/maporia/node_modules/.regexp.prototype 2.flags-Yptegjt1',
212 silly reify   '/Users/artosetrov/Documents/Cursor AI/maporia/node_modules/resolve-pkg-maps 2': '/Users/artosetrov/Documents/Cursor AI/maporia/node_modules/.resolve-pkg-maps 2-oDRz0ld2',
212 silly reify   '/Users/artosetrov/Documents/Cursor AI/maporia/node_modules/reusify 2': '/Users/artosetrov/Documents/Cursor AI/maporia/node_modules/.reusify 2-iPyP5wpV',
212 silly reify   '/Users/artosetrov/Documents/Cursor AI/maporia/node_modules/safe-regex-test 2': '/Users/artosetrov/Documents/Cursor AI/maporia/node_modules/.safe-regex-test 2-MO0VuMRe',
212 silly reify   '/Users/artosetrov/Documents/Cursor AI/maporia/node_modules/safe-push-apply 2': '/Users/artosetrov/Documents/Cursor AI/maporia/node_modules/.safe-push-apply 2-ZNu84gvu',
212 silly reify   '/Users/artosetrov/Documents/Cursor AI/maporia/node_modules/semver 2': '/Users/artosetrov/Documents/Cursor AI/maporia/node_modules/.semver 2-YzEFoba0',
212 silly reify   '/Users/artosetrov/Documents/Cursor AI/maporia/node_modules/.bin/semver': '/Users/artosetrov/Documents/Cursor AI/maporia/node_modules/.bin/.semver-fm10c0q9',
212 silly reify   '/Users/artosetrov/Documents/Cursor AI/maporia/node_modules/set-proto 2': '/Users/artosetrov/Documents/Cursor AI/maporia/node_modules/.set-proto 2-A9SjoMRv',
212 silly reify   '/Users/artosetrov/Documents/Cursor AI/maporia/node_modules/set-function-length 2': '/Users/artosetrov/Documents/Cursor AI/maporia/node_modules/.set-function-length 2-U0WdUDCI',
212 silly reify   '/Users/artosetrov/Documents/Cursor AI/maporia/node_modules/shebang-command 2': '/Users/artosetrov/Documents/Cursor AI/maporia/node_modules/.shebang-command 2-6znMpAMz',
212 silly reify   '/Users/artosetrov/Documents/Cursor AI/maporia/node_modules/side-channel 2': '/Users/artosetrov/Documents/Cursor AI/maporia/node_modules/.side-channel 2-Vr1hHuV8',
212 silly reify   '/Users/artosetrov/Documents/Cursor AI/maporia/node_modules/string.prototype 2.repeat': '/Users/artosetrov/Documents/Cursor AI/maporia/node_modules/.string.prototype 2.repeat-qaf1NROi',
212 silly reify   '/Users/artosetrov/Documents/Cursor AI/maporia/node_modules/stop-iteration-iterator 2': '/Users/artosetrov/Documents/Cursor AI/maporia/node_modules/.stop-iteration-iterator 2-lEn6A9N9',
212 silly reify   '/Users/artosetrov/Documents/Cursor AI/maporia/node_modules/string.prototype 2.trimstart': '/Users/artosetrov/Documents/Cursor AI/maporia/node_modules/.string.prototype 2.trimstart-OrS8ye03',
212 silly reify   '/Users/artosetrov/Documents/Cursor AI/maporia/node_modules/string.prototype 2.trim': '/Users/artosetrov/Documents/Cursor AI/maporia/node_modules/.string.prototype 2.trim-feMzFsoP',
212 silly reify   '/Users/artosetrov/Documents/Cursor AI/maporia/node_modules/strip-json-comments 2': '/Users/artosetrov/Documents/Cursor AI/maporia/node_modules/.strip-json-comments 2-yjS7mPg9',
212 silly reify   '/Users/artosetrov/Documents/Cursor AI/maporia/node_modules/styled-jsx 2': '/Users/artosetrov/Documents/Cursor AI/maporia/node_modules/.styled-jsx 2-ZxBO3ngN',
212 silly reify   '/Users/artosetrov/Documents/Cursor AI/maporia/node_modules/string.prototype 2.matchall': '/Users/artosetrov/Documents/Cursor AI/maporia/node_modules/.string.prototype 2.matchall-0cH6fdWg',
212 silly reify   '/Users/artosetrov/Documents/Cursor AI/maporia/node_modules/tailwindcss 2': '/Users/artosetrov/Documents/Cursor AI/maporia/node_modules/.tailwindcss 2-ejmFe9cp',
212 silly reify   '/Users/artosetrov/Documents/Cursor AI/maporia/node_modules/tinyglobby 2': '/Users/artosetrov/Documents/Cursor AI/maporia/node_modules/.tinyglobby 2-RZ6hYk3Q',
212 silly reify   '/Users/artosetrov/Documents/Cursor AI/maporia/node_modules/typed-array-byte-length 2': '/Users/artosetrov/Documents/Cursor AI/maporia/node_modules/.typed-array-byte-length 2-5GCQ5Fum',
212 silly reify   '/Users/artosetrov/Documents/Cursor AI/maporia/node_modules/undici-types 2': '/Users/artosetrov/Documents/Cursor AI/maporia/node_modules/.undici-types 2-MI1G2X7C',
212 silly reify   '/Users/artosetrov/Documents/Cursor AI/maporia/node_modules/update-browserslist-db 2': '/Users/artosetrov/Documents/Cursor AI/maporia/node_modules/.update-browserslist-db 2-49HACQWV',
212 silly reify   '/Users/artosetrov/Documents/Cursor AI/maporia/node_modules/.bin/update-browserslist-db': '/Users/artosetrov/Documents/Cursor AI/maporia/node_modules/.bin/.update-browserslist-db-757nBbBI',
212 silly reify   '/Users/artosetrov/Documents/Cursor AI/maporia/node_modules/which-typed-array 2': '/Users/artosetrov/Documents/Cursor AI/maporia/node_modules/.which-typed-array 2-KOYLmKYv',
212 silly reify   '/Users/artosetrov/Documents/Cursor AI/maporia/node_modules/yallist 2': '/Users/artosetrov/Documents/Cursor AI/maporia/node_modules/.yallist 2-oKua4Ydk',
212 silly reify   '/Users/artosetrov/Documents/Cursor AI/maporia/node_modules/@alloc 2/quick-lru': '/Users/artosetrov/Documents/Cursor AI/maporia/node_modules/@alloc 2/.quick-lru-QwWo6QY2',
212 silly reify   '/Users/artosetrov/Documents/Cursor AI/maporia/node_modules/es-abstract 2': '/Users/artosetrov/Documents/Cursor AI/maporia/node_modules/.es-abstract 2-HzGhkboB',
212 silly reify   '/Users/artosetrov/Documents/Cursor AI/maporia/node_modules/@emnapi 2/core': '/Users/artosetrov/Documents/Cursor AI/maporia/node_modules/@emnapi 2/.core-t8189zdt',
212 silly reify   '/Users/artosetrov/Documents/Cursor AI/maporia/node_modules/@emnapi 2/runtime': '/Users/artosetrov/Documents/Cursor AI/maporia/node_modules/@emnapi 2/.runtime-3GElZwAd',
212 silly reify   '/Users/artosetrov/Documents/Cursor AI/maporia/node_modules/@emnapi 2/wasi-threads': '/Users/artosetrov/Documents/Cursor AI/maporia/node_modules/@emnapi 2/.wasi-threads-DaZXIwGw',
212 silly reify   '/Users/artosetrov/Documents/Cursor AI/maporia/node_modules/@eslint-community 2/regexpp': '/Users/artosetrov/Documents/Cursor AI/maporia/node_modules/@eslint-community 2/.regexpp-Ne7kLQxN',
212 silly reify   '/Users/artosetrov/Documents/Cursor AI/maporia/node_modules/@eslint-community 2/eslint-utils': '/Users/artosetrov/Documents/Cursor AI/maporia/node_modules/@eslint-community 2/.eslint-utils-cwyw7ruC',
212 silly reify   '/Users/artosetrov/Documents/Cursor AI/maporia/node_modules/@humanwhocodes 2/retry': '/Users/artosetrov/Documents/Cursor AI/maporia/node_modules/@humanwhocodes 2/.retry-6gP8ceYt',
212 silly reify   '/Users/artosetrov/Documents/Cursor AI/maporia/node_modules/@humanwhocodes 2/module-importer': '/Users/artosetrov/Documents/Cursor AI/maporia/node_modules/@humanwhocodes 2/.module-importer-RiQEfm59',
212 silly reify   '/Users/artosetrov/Documents/Cursor AI/maporia/node_modules/@img 2/sharp-darwin-arm64': '/Users/artosetrov/Documents/Cursor AI/maporia/node_modules/@img 2/.sharp-darwin-arm64-dvrK5B1i',
212 silly reify   '/Users/artosetrov/Documents/Cursor AI/maporia/node_modules/@img 2/sharp-libvips-darwin-arm64': '/Users/artosetrov/Documents/Cursor AI/maporia/node_modules/@img 2/.sharp-libvips-darwin-arm64-sPr2ptu8',
212 silly reify   '/Users/artosetrov/Documents/Cursor AI/maporia/node_modules/@img 2/colour': '/Users/artosetrov/Documents/Cursor AI/maporia/node_modules/@img 2/.colour-sotTDkUl',
212 silly reify   '/Users/artosetrov/Documents/Cursor AI/maporia/node_modules/@jridgewell 2/gen-mapping': '/Users/artosetrov/Documents/Cursor AI/maporia/node_modules/@jridgewell 2/.gen-mapping-0iTWSfdg',
212 silly reify   '/Users/artosetrov/Documents/Cursor AI/maporia/node_modules/@jridgewell 2/resolve-uri': '/Users/artosetrov/Documents/Cursor AI/maporia/node_modules/@jridgewell 2/.resolve-uri-HiyLr0Sc',
212 silly reify   '/Users/artosetrov/Documents/Cursor AI/maporia/node_modules/@jridgewell 2/remapping': '/Users/artosetrov/Documents/Cursor AI/maporia/node_modules/@jridgewell 2/.remapping-jeZIo7rz',
212 silly reify   '/Users/artosetrov/Documents/Cursor AI/maporia/node_modules/@jridgewell 2/trace-mapping': '/Users/artosetrov/Documents/Cursor AI/maporia/node_modules/@jridgewell 2/.trace-mapping-aDEkra4u',
212 silly reify   '/Users/artosetrov/Documents/Cursor AI/maporia/node_modules/@jridgewell 2/sourcemap-codec': '/Users/artosetrov/Documents/Cursor AI/maporia/node_modules/@jridgewell 2/.sourcemap-codec-HDU0dyTY',
212 silly reify   '/Users/artosetrov/Documents/Cursor AI/maporia/node_modules/@next 2/eslint-plugin-next': '/Users/artosetrov/Documents/Cursor AI/maporia/node_modules/@next 2/.eslint-plugin-next-uiOvar4z',
212 silly reify   '/Users/artosetrov/Documents/Cursor AI/maporia/node_modules/@next 2/env': '/Users/artosetrov/Documents/Cursor AI/maporia/node_modules/@next 2/.env-MEMkyJA6',
212 silly reify   '/Users/artosetrov/Documents/Cursor AI/maporia/node_modules/@next 2/swc-darwin-arm64': '/Users/artosetrov/Documents/Cursor AI/maporia/node_modules/@next 2/.swc-darwin-arm64-qvY3SYKk',
212 silly reify   '/Users/artosetrov/Documents/Cursor AI/maporia/node_modules/@napi-rs 2/wasm-runtime': '/Users/artosetrov/Documents/Cursor AI/maporia/node_modules/@napi-rs 2/.wasm-runtime-6sQphchM',
212 silly reify   '/Users/artosetrov/Documents/Cursor AI/maporia/node_modules/@nodelib 2/fs.scandir': '/Users/artosetrov/Documents/Cursor AI/maporia/node_modules/@nodelib 2/.fs.scandir-DtdX3V5q',
212 silly reify   '/Users/artosetrov/Documents/Cursor AI/maporia/node_modules/@nodelib 2/fs.stat': '/Users/artosetrov/Documents/Cursor AI/maporia/node_modules/@nodelib 2/.fs.stat-knf2hGvJ',
212 silly reify   '/Users/artosetrov/Documents/Cursor AI/maporia/node_modules/@nodelib 2/fs.walk': '/Users/artosetrov/Documents/Cursor AI/maporia/node_modules/@nodelib 2/.fs.walk-zVtFzYic',
212 silly reify   '/Users/artosetrov/Documents/Cursor AI/maporia/node_modules/@tailwindcss 2/oxide-darwin-arm64': '/Users/artosetrov/Documents/Cursor AI/maporia/node_modules/@tailwindcss 2/.oxide-darwin-arm64-xBjQRIN7',
212 silly reify   '/Users/artosetrov/Documents/Cursor AI/maporia/node_modules/@tailwindcss 2/node': '/Users/artosetrov/Documents/Cursor AI/maporia/node_modules/@tailwindcss 2/.node-Qb0xYsqn',
212 silly reify   '/Users/artosetrov/Documents/Cursor AI/maporia/node_modules/@tybys 2/wasm-util': '/Users/artosetrov/Documents/Cursor AI/maporia/node_modules/@tybys 2/.wasm-util-2uyZtzWv',
212 silly reify   '/Users/artosetrov/Documents/Cursor AI/maporia/node_modules/@types 2/estree': '/Users/artosetrov/Documents/Cursor AI/maporia/node_modules/@types 2/.estree-JuwWU8ae',
212 silly reify   '/Users/artosetrov/Documents/Cursor AI/maporia/node_modules/@types 2/json-schema': '/Users/artosetrov/Documents/Cursor AI/maporia/node_modules/@types 2/.json-schema-6JNt8I4m',
212 silly reify   '/Users/artosetrov/Documents/Cursor AI/maporia/node_modules/@types 2/json5': '/Users/artosetrov/Documents/Cursor AI/maporia/node_modules/@types 2/.json5-aHnYdiRV',
212 silly reify   '/Users/artosetrov/Documents/Cursor AI/maporia/node_modules/@types 2/react': '/Users/artosetrov/Documents/Cursor AI/maporia/node_modules/@types 2/.react-RJ1zCJFj',
212 silly reify   '/Users/artosetrov/Documents/Cursor AI/maporia/node_modules/@types 2/node': '/Users/artosetrov/Documents/Cursor AI/maporia/node_modules/@types 2/.node-NyV7IMFq',
212 silly reify   '/Users/artosetrov/Documents/Cursor AI/maporia/node_modules/@types 2/react-dom': '/Users/artosetrov/Documents/Cursor AI/maporia/node_modules/@types 2/.react-dom-X84wCCn1',
212 silly reify   '/Users/artosetrov/Documents/Cursor AI/maporia/node_modules/@typescript-eslint 2/eslint-plugin': '/Users/artosetrov/Documents/Cursor AI/maporia/node_modules/@typescript-eslint 2/.eslint-plugin-xcHDgar6',
212 silly reify   '/Users/artosetrov/Documents/Cursor AI/maporia/node_modules/@tailwindcss 2/oxide': '/Users/artosetrov/Documents/Cursor AI/maporia/node_modules/@tailwindcss 2/.oxide-NXji8snw',
212 silly reify   '/Users/artosetrov/Documents/Cursor AI/maporia/node_modules/@typescript-eslint 2/parser': '/Users/artosetrov/Documents/Cursor AI/maporia/node_modules/@typescript-eslint 2/.parser-S7UGw9pw',
212 silly reify   '/Users/artosetrov/Documents/Cursor AI/maporia/node_modules/@typescript-eslint 2/scope-manager': '/Users/artosetrov/Documents/Cursor AI/maporia/node_modules/@typescript-eslint 2/.scope-manager-taqJQ18P',
212 silly reify   '/Users/artosetrov/Documents/Cursor AI/maporia/node_modules/@typescript-eslint 2/tsconfig-utils': '/Users/artosetrov/Documents/Cursor AI/maporia/node_modules/@typescript-eslint 2/.tsconfig-utils-uACF6YB2',
212 silly reify   '/Users/artosetrov/Documents/Cursor AI/maporia/node_modules/@typescript-eslint 2/project-service': '/Users/artosetrov/Documents/Cursor AI/maporia/node_modules/@typescript-eslint 2/.project-service-hZjfOsyn',
212 silly reify   '/Users/artosetrov/Documents/Cursor AI/maporia/node_modules/@typescript-eslint 2/typescript-estree': '/Users/artosetrov/Documents/Cursor AI/maporia/node_modules/@typescript-eslint 2/.typescript-estree-PvenKdEs',
212 silly reify   '/Users/artosetrov/Documents/Cursor AI/maporia/node_modules/@typescript-eslint 2/type-utils': '/Users/artosetrov/Documents/Cursor AI/maporia/node_modules/@typescript-eslint 2/.type-utils-lvCEXOZQ',
212 silly reify   '/Users/artosetrov/Documents/Cursor AI/maporia/node_modules/@typescript-eslint 2/visitor-keys': '/Users/artosetrov/Documents/Cursor AI/maporia/node_modules/@typescript-eslint 2/.visitor-keys-1fMUidQh',
212 silly reify   '/Users/artosetrov/Documents/Cursor AI/maporia/node_modules/@typescript-eslint 2/types': '/Users/artosetrov/Documents/Cursor AI/maporia/node_modules/@typescript-eslint 2/.types-euRNKb8D',
212 silly reify   '/Users/artosetrov/Documents/Cursor AI/maporia/node_modules/@typescript-eslint 2/utils': '/Users/artosetrov/Documents/Cursor AI/maporia/node_modules/@typescript-eslint 2/.utils-ShlO5Mda',
212 silly reify   '/Users/artosetrov/Documents/Cursor AI/maporia/node_modules/@tailwindcss 2/postcss': '/Users/artosetrov/Documents/Cursor AI/maporia/node_modules/@tailwindcss 2/.postcss-2xRYf6sN'
212 silly reify }
213 silly audit bulk request {
213 silly audit   '@alloc/quick-lru': [ '5.2.0' ],
213 silly audit   '@babel/code-frame': [ '7.27.1' ],
213 silly audit   '@babel/compat-data': [ '7.28.5' ],
213 silly audit   '@babel/core': [ '7.28.5' ],
213 silly audit   '@babel/generator': [ '7.28.5' ],
213 silly audit   '@babel/helper-compilation-targets': [ '7.27.2' ],
213 silly audit   '@babel/helper-globals': [ '7.28.0' ],
213 silly audit   '@babel/helper-module-imports': [ '7.27.1' ],
213 silly audit   '@babel/helper-module-transforms': [ '7.28.3' ],
213 silly audit   '@babel/helper-string-parser': [ '7.27.1' ],
213 silly audit   '@babel/helper-validator-identifier': [ '7.28.5' ],
213 silly audit   '@babel/helper-validator-option': [ '7.27.1' ],
213 silly audit   '@babel/helpers': [ '7.28.4' ],
213 silly audit   '@babel/parser': [ '7.28.5' ],
213 silly audit   '@babel/template': [ '7.27.2' ],
213 silly audit   '@babel/traverse': [ '7.28.5' ],
213 silly audit   '@babel/types': [ '7.28.5' ],
213 silly audit   '@emnapi/core': [ '1.8.1' ],
213 silly audit   '@emnapi/runtime': [ '1.8.1' ],
213 silly audit   '@emnapi/wasi-threads': [ '1.1.0' ],
213 silly audit   '@eslint-community/eslint-utils': [ '4.9.1' ],
213 silly audit   'eslint-visitor-keys': [ '3.4.3', '4.2.1' ],
213 silly audit   '@eslint-community/regexpp': [ '4.12.2' ],
213 silly audit   '@eslint/config-array': [ '0.21.1' ],
213 silly audit   '@eslint/config-helpers': [ '0.4.2' ],
213 silly audit   '@eslint/core': [ '0.17.0' ],
213 silly audit   '@eslint/eslintrc': [ '3.3.3' ],
213 silly audit   '@eslint/js': [ '9.39.2' ],
213 silly audit   '@eslint/object-schema': [ '2.1.7' ],
213 silly audit   '@eslint/plugin-kit': [ '0.4.1' ],
213 silly audit   '@googlemaps/js-api-loader': [ '1.16.8' ],
213 silly audit   '@googlemaps/markerclusterer': [ '2.5.3' ],
213 silly audit   '@humanfs/core': [ '0.19.1' ],
213 silly audit   '@humanfs/node': [ '0.16.7' ],
213 silly audit   '@humanwhocodes/module-importer': [ '1.0.1' ],
213 silly audit   '@humanwhocodes/retry': [ '0.4.3' ],
213 silly audit   '@img/colour': [ '1.0.0' ],
213 silly audit   '@img/sharp-darwin-arm64': [ '0.34.5' ],
213 silly audit   '@img/sharp-darwin-x64': [ '0.34.5' ],
213 silly audit   '@img/sharp-libvips-darwin-arm64': [ '1.2.4' ],
213 silly audit   '@img/sharp-libvips-darwin-x64': [ '1.2.4' ],
213 silly audit   '@img/sharp-libvips-linux-arm': [ '1.2.4' ],
213 silly audit   '@img/sharp-libvips-linux-arm64': [ '1.2.4' ],
213 silly audit   '@img/sharp-libvips-linux-ppc64': [ '1.2.4' ],
213 silly audit   '@img/sharp-libvips-linux-riscv64': [ '1.2.4' ],
213 silly audit   '@img/sharp-libvips-linux-s390x': [ '1.2.4' ],
213 silly audit   '@img/sharp-libvips-linux-x64': [ '1.2.4' ],
213 silly audit   '@img/sharp-libvips-linuxmusl-arm64': [ '1.2.4' ],
213 silly audit   '@img/sharp-libvips-linuxmusl-x64': [ '1.2.4' ],
213 silly audit   '@img/sharp-linux-arm': [ '0.34.5' ],
213 silly audit   '@img/sharp-linux-arm64': [ '0.34.5' ],
213 silly audit   '@img/sharp-linux-ppc64': [ '0.34.5' ],
213 silly audit   '@img/sharp-linux-riscv64': [ '0.34.5' ],
213 silly audit   '@img/sharp-linux-s390x': [ '0.34.5' ],
213 silly audit   '@img/sharp-linux-x64': [ '0.34.5' ],
213 silly audit   '@img/sharp-linuxmusl-arm64': [ '0.34.5' ],
213 silly audit   '@img/sharp-linuxmusl-x64': [ '0.34.5' ],
213 silly audit   '@img/sharp-wasm32': [ '0.34.5' ],
213 silly audit   '@img/sharp-win32-arm64': [ '0.34.5' ],
213 silly audit   '@img/sharp-win32-ia32': [ '0.34.5' ],
213 silly audit   '@img/sharp-win32-x64': [ '0.34.5' ],
213 silly audit   '@jridgewell/gen-mapping': [ '0.3.13' ],
213 silly audit   '@jridgewell/remapping': [ '2.3.5' ],
213 silly audit   '@jridgewell/resolve-uri': [ '3.1.2' ],
213 silly audit   '@jridgewell/sourcemap-codec': [ '1.5.5' ],
213 silly audit   '@jridgewell/trace-mapping': [ '0.3.31' ],
213 silly audit   '@napi-rs/wasm-runtime': [ '0.2.12' ],
213 silly audit   '@next/env': [ '16.1.1' ],
213 silly audit   '@next/eslint-plugin-next': [ '16.1.1' ],
213 silly audit   '@next/swc-darwin-arm64': [ '16.1.1' ],
213 silly audit   '@next/swc-darwin-x64': [ '16.1.1' ],
213 silly audit   '@next/swc-linux-arm64-gnu': [ '16.1.1' ],
213 silly audit   '@next/swc-linux-arm64-musl': [ '16.1.1' ],
213 silly audit   '@next/swc-linux-x64-gnu': [ '16.1.1' ],
213 silly audit   '@next/swc-linux-x64-musl': [ '16.1.1' ],
213 silly audit   '@next/swc-win32-arm64-msvc': [ '16.1.1' ],
213 silly audit   '@next/swc-win32-x64-msvc': [ '16.1.1' ],
213 silly audit   '@nodelib/fs.scandir': [ '2.1.5' ],
213 silly audit   '@nodelib/fs.stat': [ '2.0.5' ],
213 silly audit   '@nodelib/fs.walk': [ '1.2.8' ],
213 silly audit   '@nolyfill/is-core-module': [ '1.0.39' ],
213 silly audit   '@react-google-maps/api': [ '2.20.8' ],
213 silly audit   '@react-google-maps/infobox': [ '2.20.0' ],
213 silly audit   '@react-google-maps/marker-clusterer': [ '2.20.0' ],
213 silly audit   '@rtsao/scc': [ '1.1.0' ],
213 silly audit   '@supabase/auth-js': [ '2.90.1' ],
213 silly audit   '@supabase/functions-js': [ '2.90.1' ],
213 silly audit   '@supabase/postgrest-js': [ '2.90.1' ],
213 silly audit   '@supabase/realtime-js': [ '2.90.1' ],
213 silly audit   '@supabase/storage-js': [ '2.90.1' ],
213 silly audit   '@supabase/supabase-js': [ '2.90.1' ],
213 silly audit   '@swc/helpers': [ '0.5.15' ],
213 silly audit   '@tailwindcss/node': [ '4.1.18' ],
213 silly audit   '@tailwindcss/oxide': [ '4.1.18' ],
213 silly audit   '@tailwindcss/oxide-android-arm64': [ '4.1.18' ],
213 silly audit   '@tailwindcss/oxide-darwin-arm64': [ '4.1.18' ],
213 silly audit   '@tailwindcss/oxide-darwin-x64': [ '4.1.18' ],
213 silly audit   '@tailwindcss/oxide-freebsd-x64': [ '4.1.18' ],
213 silly audit   '@tailwindcss/oxide-linux-arm-gnueabihf': [ '4.1.18' ],
213 silly audit   '@tailwindcss/oxide-linux-arm64-gnu': [ '4.1.18' ],
213 silly audit   '@tailwindcss/oxide-linux-arm64-musl': [ '4.1.18' ],
213 silly audit   '@tailwindcss/oxide-linux-x64-gnu': [ '4.1.18' ],
213 silly audit   '@tailwindcss/oxide-linux-x64-musl': [ '4.1.18' ],
213 silly audit   '@tailwindcss/oxide-wasm32-wasi': [ '4.1.18' ],
213 silly audit   '@tailwindcss/oxide-win32-arm64-msvc': [ '4.1.18' ],
213 silly audit   '@tailwindcss/oxide-win32-x64-msvc': [ '4.1.18' ],
213 silly audit   '@tailwindcss/postcss': [ '4.1.18' ],
213 silly audit   '@tybys/wasm-util': [ '0.10.1' ],
213 silly audit   '@types/estree': [ '1.0.8' ],
213 silly audit   '@types/google.maps': [ '3.58.1' ],
213 silly audit   '@types/json-schema': [ '7.0.15' ],
213 silly audit   '@types/json5': [ '0.0.29' ],
213 silly audit   '@types/node': [ '20.19.27' ],
213 silly audit   '@types/phoenix': [ '1.6.7' ],
213 silly audit   '@types/react': [ '19.2.7' ],
213 silly audit   '@types/react-dom': [ '19.2.3' ],
213 silly audit   '@types/ws': [ '8.18.1' ],
213 silly audit   '@typescript-eslint/eslint-plugin': [ '8.52.0' ],
213 silly audit   ignore: [ '7.0.5', '5.3.2' ],
213 silly audit   '@typescript-eslint/parser': [ '8.52.0' ],
213 silly audit   '@typescript-eslint/project-service': [ '8.52.0' ],
213 silly audit   '@typescript-eslint/scope-manager': [ '8.52.0' ],
213 silly audit   '@typescript-eslint/tsconfig-utils': [ '8.52.0' ],
213 silly audit   '@typescript-eslint/type-utils': [ '8.52.0' ],
213 silly audit   '@typescript-eslint/types': [ '8.52.0' ],
213 silly audit   '@typescript-eslint/typescript-estree': [ '8.52.0' ],
213 silly audit   'brace-expansion': [ '2.0.2', '1.1.12' ],
213 silly audit   minimatch: [ '9.0.5', '3.1.2' ],
213 silly audit   semver: [ '7.7.3', '6.3.1' ],
213 silly audit   '@typescript-eslint/utils': [ '8.52.0' ],
213 silly audit   '@typescript-eslint/visitor-keys': [ '8.52.0' ],
213 silly audit   '@unrs/resolver-binding-android-arm-eabi': [ '1.11.1' ],
213 silly audit   '@unrs/resolver-binding-android-arm64': [ '1.11.1' ],
213 silly audit   '@unrs/resolver-binding-darwin-arm64': [ '1.11.1' ],
213 silly audit   '@unrs/resolver-binding-darwin-x64': [ '1.11.1' ],
213 silly audit   '@unrs/resolver-binding-freebsd-x64': [ '1.11.1' ],
213 silly audit   '@unrs/resolver-binding-linux-arm-gnueabihf': [ '1.11.1' ],
213 silly audit   '@unrs/resolver-binding-linux-arm-musleabihf': [ '1.11.1' ],
213 silly audit   '@unrs/resolver-binding-linux-arm64-gnu': [ '1.11.1' ],
213 silly audit   '@unrs/resolver-binding-linux-arm64-musl': [ '1.11.1' ],
213 silly audit   '@unrs/resolver-binding-linux-ppc64-gnu': [ '1.11.1' ],
213 silly audit   '@unrs/resolver-binding-linux-riscv64-gnu': [ '1.11.1' ],
213 silly audit   '@unrs/resolver-binding-linux-riscv64-musl': [ '1.11.1' ],
213 silly audit   '@unrs/resolver-binding-linux-s390x-gnu': [ '1.11.1' ],
213 silly audit   '@unrs/resolver-binding-linux-x64-gnu': [ '1.11.1' ],
213 silly audit   '@unrs/resolver-binding-linux-x64-musl': [ '1.11.1' ],
213 silly audit   '@unrs/resolver-binding-wasm32-wasi': [ '1.11.1' ],
213 silly audit   '@unrs/resolver-binding-win32-arm64-msvc': [ '1.11.1' ],
213 silly audit   '@unrs/resolver-binding-win32-ia32-msvc': [ '1.11.1' ],
213 silly audit   '@unrs/resolver-binding-win32-x64-msvc': [ '1.11.1' ],
213 silly audit   acorn: [ '8.15.0' ],
213 silly audit   'acorn-jsx': [ '5.3.2' ],
213 silly audit   ajv: [ '6.12.6' ],
213 silly audit   'ansi-styles': [ '4.3.0' ],
213 silly audit   argparse: [ '2.0.1' ],
213 silly audit   'aria-query': [ '5.3.2' ],
213 silly audit   'array-buffer-byte-length': [ '1.0.2' ],
213 silly audit   'array-includes': [ '3.1.9' ],
213 silly audit   'array.prototype.findlast': [ '1.2.5' ],
213 silly audit   'array.prototype.findlastindex': [ '1.2.6' ],
213 silly audit   'array.prototype.flat': [ '1.3.3' ],
213 silly audit   'array.prototype.flatmap': [ '1.3.3' ],
213 silly audit   'array.prototype.tosorted': [ '1.1.4' ],
213 silly audit   'arraybuffer.prototype.slice': [ '1.0.4' ],
213 silly audit   'ast-types-flow': [ '0.0.8' ],
213 silly audit   'async-function': [ '1.0.0' ],
213 silly audit   'available-typed-arrays': [ '1.0.7' ],
213 silly audit   'axe-core': [ '4.11.1' ],
213 silly audit   'axobject-query': [ '4.1.0' ],
213 silly audit   'balanced-match': [ '1.0.2' ],
213 silly audit   'baseline-browser-mapping': [ '2.9.14' ],
213 silly audit   braces: [ '3.0.3' ],
213 silly audit   browserslist: [ '4.28.1' ],
213 silly audit   'call-bind': [ '1.0.8' ],
213 silly audit   'call-bind-apply-helpers': [ '1.0.2' ],
213 silly audit   'call-bound': [ '1.0.4' ],
213 silly audit   callsites: [ '3.1.0' ],
213 silly audit   'caniuse-lite': [ '1.0.30001763' ],
213 silly audit   chalk: [ '4.1.2' ],
213 silly audit   'client-only': [ '0.0.1' ],
213 silly audit   'color-convert': [ '2.0.1' ],
213 silly audit   'color-name': [ '1.1.4' ],
213 silly audit   'concat-map': [ '0.0.1' ],
213 silly audit   'convert-source-map': [ '2.0.0' ],
213 silly audit   'cross-spawn': [ '7.0.6' ],
213 silly audit   csstype: [ '3.2.3' ],
213 silly audit   'damerau-levenshtein': [ '1.0.8' ],
213 silly audit   'data-view-buffer': [ '1.0.2' ],
213 silly audit   'data-view-byte-length': [ '1.0.2' ],
213 silly audit   'data-view-byte-offset': [ '1.0.1' ],
213 silly audit   debug: [ '4.4.3', '3.2.7' ],
213 silly audit   'deep-is': [ '0.1.4' ],
213 silly audit   'define-data-property': [ '1.1.4' ],
213 silly audit   'define-properties': [ '1.2.1' ],
213 silly audit   'detect-libc': [ '2.1.2' ],
213 silly audit   doctrine: [ '2.1.0' ],
213 silly audit   'dunder-proto': [ '1.0.1' ],
213 silly audit   'electron-to-chromium': [ '1.5.267' ],
213 silly audit   'emoji-regex': [ '9.2.2' ],
213 silly audit   'enhanced-resolve': [ '5.18.4' ],
213 silly audit   'es-abstract': [ '1.24.1' ],
213 silly audit   'es-define-property': [ '1.0.1' ],
213 silly audit   'es-errors': [ '1.3.0' ],
213 silly audit   'es-iterator-helpers': [ '1.2.2' ],
213 silly audit   'es-object-atoms': [ '1.1.1' ],
213 silly audit   'es-set-tostringtag': [ '2.1.0' ],
213 silly audit   'es-shim-unscopables': [ '1.1.0' ],
213 silly audit   'es-to-primitive': [ '1.3.0' ],
213 silly audit   escalade: [ '3.2.0' ],
213 silly audit   'escape-string-regexp': [ '4.0.0' ],
213 silly audit   eslint: [ '9.39.2' ],
213 silly audit   'eslint-config-next': [ '16.1.1' ],
213 silly audit   globals: [ '16.4.0', '14.0.0' ],
213 silly audit   'eslint-import-resolver-node': [ '0.3.9' ],
213 silly audit   'eslint-import-resolver-typescript': [ '3.10.1' ],
213 silly audit   'eslint-module-utils': [ '2.12.1' ],
213 silly audit   'eslint-plugin-import': [ '2.32.0' ],
213 silly audit   'eslint-plugin-jsx-a11y': [ '6.10.2' ],
213 silly audit   'eslint-plugin-react': [ '7.37.5' ],
213 silly audit   'eslint-plugin-react-hooks': [ '7.0.1' ],
213 silly audit   resolve: [ '2.0.0-next.5', '1.22.11' ],
213 silly audit   'eslint-scope': [ '8.4.0' ],
213 silly audit   espree: [ '10.4.0' ],
213 silly audit   esquery: [ '1.7.0' ],
213 silly audit   esrecurse: [ '4.3.0' ],
213 silly audit   estraverse: [ '5.3.0' ],
213 silly audit   esutils: [ '2.0.3' ],
213 silly audit   'fast-deep-equal': [ '3.1.3' ],
213 silly audit   'fast-glob': [ '3.3.1' ],
213 silly audit   'glob-parent': [ '5.1.2', '6.0.2' ],
213 silly audit   'fast-json-stable-stringify': [ '2.1.0' ],
213 silly audit   'fast-levenshtein': [ '2.0.6' ],
213 silly audit   fastq: [ '1.20.1' ],
213 silly audit   'file-entry-cache': [ '8.0.0' ],
213 silly audit   'fill-range': [ '7.1.1' ],
213 silly audit   'find-up': [ '5.0.0' ],
213 silly audit   'flat-cache': [ '4.0.1' ],
213 silly audit   flatted: [ '3.3.3' ],
213 silly audit   'for-each': [ '0.3.5' ],
213 silly audit   'function-bind': [ '1.1.2' ],
213 silly audit   'function.prototype.name': [ '1.1.8' ],
213 silly audit   'functions-have-names': [ '1.2.3' ],
213 silly audit   'generator-function': [ '2.0.1' ],
213 silly audit   gensync: [ '1.0.0-beta.2' ],
213 silly audit   'get-intrinsic': [ '1.3.0' ],
213 silly audit   'get-proto': [ '1.0.1' ],
213 silly audit   'get-symbol-description': [ '1.1.0' ],
213 silly audit   'get-tsconfig': [ '4.13.0' ],
213 silly audit   globalthis: [ '1.0.4' ],
213 silly audit   gopd: [ '1.2.0' ],
213 silly audit   'graceful-fs': [ '4.2.11' ],
213 silly audit   'has-bigints': [ '1.1.0' ],
213 silly audit   'has-flag': [ '4.0.0' ],
213 silly audit   'has-property-descriptors': [ '1.0.2' ],
213 silly audit   'has-proto': [ '1.2.0' ],
213 silly audit   'has-symbols': [ '1.1.0' ],
213 silly audit   'has-tostringtag': [ '1.0.2' ],
213 silly audit   hasown: [ '2.0.2' ],
213 silly audit   'hermes-estree': [ '0.25.1' ],
213 silly audit   'hermes-parser': [ '0.25.1' ],
213 silly audit   'iceberg-js': [ '0.8.1' ],
213 silly audit   'import-fresh': [ '3.3.1' ],
213 silly audit   imurmurhash: [ '0.1.4' ],
213 silly audit   'internal-slot': [ '1.1.0' ],
213 silly audit   invariant: [ '2.2.4' ],
213 silly audit   'is-array-buffer': [ '3.0.5' ],
213 silly audit   'is-async-function': [ '2.1.1' ],
213 silly audit   'is-bigint': [ '1.1.0' ],
213 silly audit   'is-boolean-object': [ '1.2.2' ],
213 silly audit   'is-bun-module': [ '2.0.0' ],
213 silly audit   'is-callable': [ '1.2.7' ],
213 silly audit   'is-core-module': [ '2.16.1' ],
213 silly audit   'is-data-view': [ '1.0.2' ],
213 silly audit   'is-date-object': [ '1.1.0' ],
213 silly audit   'is-extglob': [ '2.1.1' ],
213 silly audit   'is-finalizationregistry': [ '1.1.1' ],
213 silly audit   'is-generator-function': [ '1.1.2' ],
213 silly audit   'is-glob': [ '4.0.3' ],
213 silly audit   'is-map': [ '2.0.3' ],
213 silly audit   'is-negative-zero': [ '2.0.3' ],
213 silly audit   'is-number': [ '7.0.0' ],
213 silly audit   'is-number-object': [ '1.1.1' ],
213 silly audit   'is-regex': [ '1.2.1' ],
213 silly audit   'is-set': [ '2.0.3' ],
213 silly audit   'is-shared-array-buffer': [ '1.0.4' ],
213 silly audit   'is-string': [ '1.1.1' ],
213 silly audit   'is-symbol': [ '1.1.1' ],
213 silly audit   'is-typed-array': [ '1.1.15' ],
213 silly audit   'is-weakmap': [ '2.0.2' ],
213 silly audit   'is-weakref': [ '1.1.1' ],
213 silly audit   'is-weakset': [ '2.0.4' ],
213 silly audit   isarray: [ '2.0.5' ],
213 silly audit   isexe: [ '2.0.0' ],
213 silly audit   'iterator.prototype': [ '1.1.5' ],
213 silly audit   jiti: [ '2.6.1' ],
213 silly audit   'js-tokens': [ '4.0.0' ],
213 silly audit   'js-yaml': [ '4.1.1' ],
213 silly audit   jsesc: [ '3.1.0' ],
213 silly audit   'json-buffer': [ '3.0.1' ],
213 silly audit   'json-schema-traverse': [ '0.4.1' ],
213 silly audit   'json-stable-stringify-without-jsonify': [ '1.0.1' ],
213 silly audit   json5: [ '2.2.3', '1.0.2' ],
213 silly audit   'jsx-ast-utils': [ '3.3.5' ],
213 silly audit   kdbush: [ '4.0.2' ],
213 silly audit   keyv: [ '4.5.4' ],
213 silly audit   'language-subtag-registry': [ '0.3.23' ],
213 silly audit   'language-tags': [ '1.0.9' ],
213 silly audit   levn: [ '0.4.1' ],
213 silly audit   lightningcss: [ '1.30.2' ],
213 silly audit   'lightningcss-android-arm64': [ '1.30.2' ],
213 silly audit   'lightningcss-darwin-arm64': [ '1.30.2' ],
213 silly audit   'lightningcss-darwin-x64': [ '1.30.2' ],
213 silly audit   'lightningcss-freebsd-x64': [ '1.30.2' ],
213 silly audit   'lightningcss-linux-arm-gnueabihf': [ '1.30.2' ],
213 silly audit   'lightningcss-linux-arm64-gnu': [ '1.30.2' ],
213 silly audit   'lightningcss-linux-arm64-musl': [ '1.30.2' ],
213 silly audit   'lightningcss-linux-x64-gnu': [ '1.30.2' ],
213 silly audit   'lightningcss-linux-x64-musl': [ '1.30.2' ],
213 silly audit   'lightningcss-win32-arm64-msvc': [ '1.30.2' ],
213 silly audit   'lightningcss-win32-x64-msvc': [ '1.30.2' ],
213 silly audit   'locate-path': [ '6.0.0' ],
213 silly audit   'lodash.merge': [ '4.6.2' ],
213 silly audit   'loose-envify': [ '1.4.0' ],
213 silly audit   'lru-cache': [ '5.1.1' ],
213 silly audit   'magic-string': [ '0.30.21' ],
213 silly audit   'math-intrinsics': [ '1.1.0' ],
213 silly audit   merge2: [ '1.4.1' ],
213 silly audit   micromatch: [ '4.0.8' ],
213 silly audit   minimist: [ '1.2.8' ],
213 silly audit   ms: [ '2.1.3' ],
213 silly audit   nanoid: [ '3.3.11' ],
213 silly audit   'napi-postinstall': [ '0.3.4' ],
213 silly audit   'natural-compare': [ '1.4.0' ],
213 silly audit   next: [ '16.1.1' ],
213 silly audit   postcss: [ '8.4.31', '8.5.6' ],
213 silly audit   'node-releases': [ '2.0.27' ],
213 silly audit   'object-assign': [ '4.1.1' ],
213 silly audit   'object-inspect': [ '1.13.4' ],
213 silly audit   'object-keys': [ '1.1.1' ],
213 silly audit   'object.assign': [ '4.1.7' ],
213 silly audit   'object.entries': [ '1.1.9' ],
213 silly audit   'object.fromentries': [ '2.0.8' ],
213 silly audit   'object.groupby': [ '1.0.3' ],
213 silly audit   'object.values': [ '1.2.1' ],
213 silly audit   optionator: [ '0.9.4' ],
213 silly audit   'own-keys': [ '1.0.1' ],
213 silly audit   'p-limit': [ '3.1.0' ],
213 silly audit   'p-locate': [ '5.0.0' ],
213 silly audit   'parent-module': [ '1.0.1' ],
213 silly audit   'path-exists': [ '4.0.0' ],
213 silly audit   'path-key': [ '3.1.1' ],
213 silly audit   'path-parse': [ '1.0.7' ],
213 silly audit   picocolors: [ '1.1.1' ],
213 silly audit   picomatch: [ '2.3.1', '4.0.3' ],
213 silly audit   'possible-typed-array-names': [ '1.1.0' ],
213 silly audit   'prelude-ls': [ '1.2.1' ],
213 silly audit   'prop-types': [ '15.8.1' ],
213 silly audit   punycode: [ '2.3.1' ],
213 silly audit   'queue-microtask': [ '1.2.3' ],
213 silly audit   react: [ '19.2.3' ],
213 silly audit   'react-dom': [ '19.2.3' ],
213 silly audit   'react-is': [ '16.13.1' ],
213 silly audit   'reflect.getprototypeof': [ '1.0.10' ],
213 silly audit   'regexp.prototype.flags': [ '1.5.4' ],
213 silly audit   'resolve-from': [ '4.0.0' ],
213 silly audit   'resolve-pkg-maps': [ '1.0.0' ],
213 silly audit   reusify: [ '1.1.0' ],
213 silly audit   'run-parallel': [ '1.2.0' ],
213 silly audit   'safe-array-concat': [ '1.1.3' ],
213 silly audit   'safe-push-apply': [ '1.0.0' ],
213 silly audit   'safe-regex-test': [ '1.1.0' ],
213 silly audit   scheduler: [ '0.27.0' ],
213 silly audit   'set-function-length': [ '1.2.2' ],
213 silly audit   'set-function-name': [ '2.0.2' ],
213 silly audit   'set-proto': [ '1.0.0' ],
213 silly audit   sharp: [ '0.34.5' ],
213 silly audit   'shebang-command': [ '2.0.0' ],
213 silly audit   'shebang-regex': [ '3.0.0' ],
213 silly audit   'side-channel': [ '1.1.0' ],
213 silly audit   'side-channel-list': [ '1.0.0' ],
213 silly audit   'side-channel-map': [ '1.0.1' ],
213 silly audit   'side-channel-weakmap': [ '1.0.2' ],
213 silly audit   'source-map-js': [ '1.2.1' ],
213 silly audit   'stable-hash': [ '0.0.5' ],
213 silly audit   'stop-iteration-iterator': [ '1.1.0' ],
213 silly audit   'string.prototype.includes': [ '2.0.1' ],
213 silly audit   'string.prototype.matchall': [ '4.0.12' ],
213 silly audit   'string.prototype.repeat': [ '1.0.0' ],
213 silly audit   'string.prototype.trim': [ '1.2.10' ],
213 silly audit   'string.prototype.trimend': [ '1.0.9' ],
213 silly audit   'string.prototype.trimstart': [ '1.0.8' ],
213 silly audit   'strip-bom': [ '3.0.0' ],
213 silly audit   'strip-json-comments': [ '3.1.1' ],
213 silly audit   'styled-jsx': [ '5.1.6' ],
213 silly audit   supercluster: [ '8.0.1' ],
213 silly audit   'supports-color': [ '7.2.0' ],
213 silly audit   'supports-preserve-symlinks-flag': [ '1.0.0' ],
213 silly audit   tailwindcss: [ '4.1.18' ],
213 silly audit   tapable: [ '2.3.0' ],
213 silly audit   tinyglobby: [ '0.2.15' ],
213 silly audit   fdir: [ '6.5.0' ],
213 silly audit   'to-regex-range': [ '5.0.1' ],
213 silly audit   'ts-api-utils': [ '2.4.0' ],
213 silly audit   'tsconfig-paths': [ '3.15.0' ],
213 silly audit   tslib: [ '2.8.1' ],
213 silly audit   'type-check': [ '0.4.0' ],
213 silly audit   'typed-array-buffer': [ '1.0.3' ],
213 silly audit   'typed-array-byte-length': [ '1.0.3' ],
213 silly audit   'typed-array-byte-offset': [ '1.0.4' ],
213 silly audit   'typed-array-length': [ '1.0.7' ],
213 silly audit   typescript: [ '5.9.3' ],
213 silly audit   'typescript-eslint': [ '8.52.0' ],
213 silly audit   'unbox-primitive': [ '1.1.0' ],
213 silly audit   'undici-types': [ '6.21.0' ],
213 silly audit   'unrs-resolver': [ '1.11.1' ],
213 silly audit   'update-browserslist-db': [ '1.2.3' ],
213 silly audit   'uri-js': [ '4.4.1' ],
213 silly audit   which: [ '2.0.2' ],
213 silly audit   'which-boxed-primitive': [ '1.1.1' ],
213 silly audit   'which-builtin-type': [ '1.2.1' ],
213 silly audit   'which-collection': [ '1.0.2' ],
213 silly audit   'which-typed-array': [ '1.1.19' ],
213 silly audit   'word-wrap': [ '1.2.5' ],
213 silly audit   ws: [ '8.19.0' ],
213 silly audit   yallist: [ '3.1.1' ],
213 silly audit   'yocto-queue': [ '0.1.0' ],
213 silly audit   zod: [ '4.3.5' ],
213 silly audit   'zod-validation-error': [ '4.0.2' ],
213 silly audit   '@fontsource/fraunces': [ '5.2.9' ],
213 silly audit   '@fontsource/inter': [ '5.2.8' ],
213 silly audit   '@fontsource/manrope': [ '5.2.8' ]
213 silly audit }
214 http cache @fontsource/manrope@https://registry.npmjs.org/@fontsource/manrope/-/manrope-5.2.8.tgz 0ms (cache hit)
215 http cache @fontsource/inter@https://registry.npmjs.org/@fontsource/inter/-/inter-5.2.8.tgz 0ms (cache hit)
216 http cache @fontsource/fraunces@https://registry.npmjs.org/@fontsource/fraunces/-/fraunces-5.2.9.tgz 0ms (cache hit)
217 silly tarball no local data for @fontsource/manrope@https://registry.npmjs.org/@fontsource/manrope/-/manrope-5.2.8.tgz. Extracting by manifest.
218 silly tarball no local data for @fontsource/inter@https://registry.npmjs.org/@fontsource/inter/-/inter-5.2.8.tgz. Extracting by manifest.
219 silly tarball no local data for @fontsource/fraunces@https://registry.npmjs.org/@fontsource/fraunces/-/fraunces-5.2.9.tgz. Extracting by manifest.
220 http fetch POST 200 https://registry.npmjs.org/-/npm/v1/security/advisories/bulk 125ms
221 silly audit report {}
222 http fetch GET 200 https://registry.npmjs.org/@fontsource/fraunces/-/fraunces-5.2.9.tgz 446ms (cache miss)
223 http fetch GET 200 https://registry.npmjs.org/@fontsource/manrope/-/manrope-5.2.8.tgz 572ms (cache miss)
224 http fetch GET 200 https://registry.npmjs.org/@fontsource/inter/-/inter-5.2.8.tgz 788ms (cache miss)
225 silly ADD node_modules/@fontsource/manrope
226 silly ADD node_modules/@fontsource/inter
227 silly ADD node_modules/@fontsource/fraunces
228 silly REMOVE node_modules/@tailwindcss 2/postcss
229 silly REMOVE node_modules/@typescript-eslint 2/utils
230 silly REMOVE node_modules/@typescript-eslint 2/types
231 silly REMOVE node_modules/@typescript-eslint 2/visitor-keys
232 silly REMOVE node_modules/@typescript-eslint 2/type-utils
233 silly REMOVE node_modules/@typescript-eslint 2/typescript-estree
234 silly REMOVE node_modules/@typescript-eslint 2/typescript-estree/node_modules/brace-expansion
235 silly REMOVE node_modules/@typescript-eslint 2/typescript-estree/node_modules/minimatch
236 silly REMOVE node_modules/@typescript-eslint 2/typescript-estree/node_modules/semver
237 silly REMOVE node_modules/@typescript-eslint 2/project-service
238 silly REMOVE node_modules/@typescript-eslint 2/tsconfig-utils
239 silly REMOVE node_modules/@typescript-eslint 2/scope-manager
240 silly REMOVE node_modules/@typescript-eslint 2/parser
241 silly REMOVE node_modules/@tailwindcss 2/oxide
242 silly REMOVE node_modules/@typescript-eslint 2/eslint-plugin
243 silly REMOVE node_modules/@typescript-eslint 2/eslint-plugin/node_modules/ignore
244 silly REMOVE node_modules/@types 2/react-dom
245 silly REMOVE node_modules/@types 2/node
246 silly REMOVE node_modules/@types 2/react
247 silly REMOVE node_modules/@types 2/json5
248 silly REMOVE node_modules/@types 2/json-schema
249 silly REMOVE node_modules/@types 2/estree
250 silly REMOVE node_modules/@tybys 2/wasm-util
251 silly REMOVE node_modules/@tailwindcss 2/node
252 silly REMOVE node_modules/@tailwindcss 2/oxide-darwin-arm64
253 silly REMOVE node_modules/@nodelib 2/fs.walk
254 silly REMOVE node_modules/@nodelib 2/fs.stat
255 silly REMOVE node_modules/@nodelib 2/fs.scandir
256 silly REMOVE node_modules/@napi-rs 2/wasm-runtime
257 silly REMOVE node_modules/@next 2/swc-darwin-arm64
258 silly REMOVE node_modules/@next 2/env
259 silly REMOVE node_modules/@next 2/eslint-plugin-next
260 silly REMOVE node_modules/@jridgewell 2/sourcemap-codec
261 silly REMOVE node_modules/@jridgewell 2/trace-mapping
262 silly REMOVE node_modules/@jridgewell 2/remapping
263 silly REMOVE node_modules/@jridgewell 2/resolve-uri
264 silly REMOVE node_modules/@jridgewell 2/gen-mapping
265 silly REMOVE node_modules/@img 2/colour
266 silly REMOVE node_modules/@img 2/sharp-libvips-darwin-arm64
267 silly REMOVE node_modules/@img 2/sharp-darwin-arm64
268 silly REMOVE node_modules/@humanwhocodes 2/module-importer
269 silly REMOVE node_modules/@humanwhocodes 2/retry
270 silly REMOVE node_modules/@eslint-community 2/eslint-utils
271 silly REMOVE node_modules/@eslint-community 2/eslint-utils/node_modules/eslint-visitor-keys
272 silly REMOVE node_modules/@eslint-community 2/regexpp
273 silly REMOVE node_modules/@emnapi 2/wasi-threads
274 silly REMOVE node_modules/@emnapi 2/runtime
275 silly REMOVE node_modules/@emnapi 2/core
276 silly REMOVE node_modules/es-abstract 2
277 silly REMOVE node_modules/@alloc 2/quick-lru
278 silly REMOVE node_modules/yallist 2
279 silly REMOVE node_modules/which-typed-array 2
280 silly REMOVE node_modules/update-browserslist-db 2
281 silly REMOVE node_modules/undici-types 2
282 silly REMOVE node_modules/typed-array-byte-length 2
283 silly REMOVE node_modules/tinyglobby 2
284 silly REMOVE node_modules/tinyglobby 2/node_modules/picomatch
285 silly REMOVE node_modules/tinyglobby 2/node_modules/fdir
286 silly REMOVE node_modules/tailwindcss 2
287 silly REMOVE node_modules/string.prototype 2.matchall
288 silly REMOVE node_modules/styled-jsx 2
289 silly REMOVE node_modules/strip-json-comments 2
290 silly REMOVE node_modules/string.prototype 2.trim
291 silly REMOVE node_modules/string.prototype 2.trimstart
292 silly REMOVE node_modules/stop-iteration-iterator 2
293 silly REMOVE node_modules/string.prototype 2.repeat
294 silly REMOVE node_modules/side-channel 2
295 silly REMOVE node_modules/shebang-command 2
296 silly REMOVE node_modules/set-function-length 2
297 silly REMOVE node_modules/set-proto 2
298 silly REMOVE node_modules/semver 2
299 silly REMOVE node_modules/safe-push-apply 2
300 silly REMOVE node_modules/safe-regex-test 2
301 silly REMOVE node_modules/reusify 2
302 silly REMOVE node_modules/resolve-pkg-maps 2
303 silly REMOVE node_modules/regexp.prototype 2.flags
304 silly REMOVE node_modules/react-dom 2
305 silly REMOVE node_modules/prelude-ls 2
306 silly REMOVE node_modules/postcss 2
307 silly REMOVE node_modules/picocolors 2
308 silly REMOVE node_modules/possible-typed-array-names 2
309 silly REMOVE node_modules/p-locate 2
310 silly REMOVE node_modules/optionator 2
311 silly REMOVE node_modules/object 2.values
312 silly REMOVE node_modules/object 2.groupby
313 silly REMOVE node_modules/object 2.assign
314 silly REMOVE node_modules/object 2.entries
315 silly REMOVE node_modules/node-releases 2
316 silly REMOVE node_modules/next 2
317 silly REMOVE node_modules/next 2/node_modules/postcss
318 silly REMOVE node_modules/natural-compare 2
319 silly REMOVE node_modules/ms 2
320 silly REMOVE node_modules/merge2 2
321 silly REMOVE node_modules/lru-cache 2
322 silly REMOVE node_modules/lodash 2.merge
323 silly REMOVE node_modules/magic-string 2
324 silly REMOVE node_modules/levn 2
325 silly REMOVE node_modules/jsx-ast-utils 2
326 silly REMOVE node_modules/json-stable-stringify-without-jsonify 2
327 silly REMOVE node_modules/json-schema-traverse 2
328 silly REMOVE node_modules/js-yaml 2
329 silly REMOVE node_modules/jiti 2
330 silly REMOVE node_modules/is-regex 2
331 silly REMOVE node_modules/iterator 2.prototype
332 silly REMOVE node_modules/is-shared-array-buffer 2
333 silly REMOVE node_modules/is-set 2
334 silly REMOVE node_modules/is-glob 2
335 silly REMOVE node_modules/is-date-object 2
336 silly REMOVE node_modules/is-data-view 2
337 silly REMOVE node_modules/is-core-module 2
338 silly REMOVE node_modules/is-array-buffer 2
339 silly REMOVE node_modules/imurmurhash 2
340 silly REMOVE node_modules/hermes-estree 2
341 silly REMOVE node_modules/ignore 2
342 silly REMOVE node_modules/hermes-parser 2
343 silly REMOVE node_modules/has-symbols 2
344 silly REMOVE node_modules/has-property-descriptors 2
345 silly REMOVE node_modules/graceful-fs 2
346 silly REMOVE node_modules/globals 2
347 silly REMOVE node_modules/glob-parent 2
348 silly REMOVE node_modules/get-tsconfig 2
349 silly REMOVE node_modules/get-proto 2
350 silly REMOVE node_modules/get-intrinsic 2
351 silly REMOVE node_modules/function-bind 2
352 silly REMOVE node_modules/function.prototype 2.name
353 silly REMOVE node_modules/espree 2
354 silly REMOVE node_modules/flatted 2
355 silly REMOVE node_modules/fill-range 2
356 silly REMOVE node_modules/find-up 2
357 silly REMOVE node_modules/file-entry-cache 2
358 silly REMOVE node_modules/fast-json-stable-stringify 2
359 silly REMOVE node_modules/fast-glob 2
360 silly REMOVE node_modules/fast-glob 2/node_modules/glob-parent
361 silly REMOVE node_modules/esutils 2
362 silly REMOVE node_modules/esquery 2
363 silly REMOVE node_modules/eslint-visitor-keys 2
364 silly REMOVE node_modules/eslint-plugin-react-hooks 2
365 silly REMOVE node_modules/eslint-plugin-jsx-a11y 2
366 silly REMOVE node_modules/eslint-plugin-import 2
367 silly REMOVE node_modules/eslint-plugin-import 2/node_modules/debug
368 silly REMOVE node_modules/eslint-import-resolver-typescript 2
369 silly REMOVE node_modules/eslint 2
370 silly REMOVE node_modules/es-to-primitive 2
371 silly REMOVE node_modules/es-shim-unscopables 2
372 silly REMOVE node_modules/es-set-tostringtag 2
373 silly REMOVE node_modules/es-errors 2
374 silly REMOVE node_modules/emoji-regex 2
375 silly REMOVE node_modules/enhanced-resolve 2
376 silly REMOVE node_modules/define-data-property 2
377 silly REMOVE node_modules/doctrine 2
378 silly REMOVE node_modules/define-properties 2
379 silly REMOVE node_modules/damerau-levenshtein 2
380 silly REMOVE node_modules/data-view-byte-offset 2
381 silly REMOVE node_modules/convert-source-map 2
382 silly REMOVE node_modules/debug 2
383 silly REMOVE node_modules/data-view-buffer 2
384 silly REMOVE node_modules/cross-spawn 2
385 silly REMOVE node_modules/csstype 2
386 silly REMOVE node_modules/color-name 2
387 silly REMOVE node_modules/chalk 2
388 silly REMOVE node_modules/call-bind-apply-helpers 2
389 silly REMOVE node_modules/browserslist 2
390 silly REMOVE node_modules/braces 2
391 silly REMOVE node_modules/baseline-browser-mapping 2
392 silly REMOVE node_modules/axe-core 2
393 silly REMOVE node_modules/balanced-match 2
394 silly REMOVE node_modules/array.prototype 2.flatmap
395 silly REMOVE node_modules/array.prototype 2.flat
396 silly REMOVE node_modules/array.prototype 2.tosorted
397 silly REMOVE node_modules/array.prototype 2.findlastindex
398 silly REMOVE node_modules/ansi-styles 2
399 silly REMOVE node_modules/aria-query 2
400 silly REMOVE node_modules/acorn-jsx 2
401 silly REMOVE node_modules/acorn 2
402 silly REMOVE node_modules/@swc 2/helpers
403 silly REMOVE node_modules/zod-validation-error 2
404 silly REMOVE node_modules/which 2
405 silly REMOVE node_modules/typed-array-length 2
406 silly REMOVE node_modules/tapable 2
407 silly REMOVE node_modules/object-inspect 2
408 silly REMOVE node_modules/object 2.fromentries
409 silly REMOVE node_modules/minimatch 2
410 silly REMOVE node_modules/json-buffer 2
411 silly REMOVE node_modules/is-bun-module 2
412 silly REMOVE node_modules/is-bun-module 2/node_modules/semver
413 silly REMOVE node_modules/gopd 2
414 silly REMOVE node_modules/globalthis 2
415 silly REMOVE node_modules/get-symbol-description 2
416 silly REMOVE node_modules/es-object-atoms 2
417 silly REMOVE node_modules/available-typed-arrays 2
418 silly REMOVE node_modules/ast-types-flow 2
419 silly REMOVE node_modules/array-includes 2
420 silly REMOVE node_modules/ajv 2
421 verbose cwd /Users/artosetrov/Documents/Cursor AI/maporia
422 verbose os Darwin 25.2.0
423 verbose node v24.12.0
424 verbose npm  v11.6.2
425 verbose exit 0
426 info ok
